{"/Users/divyakumari/Documents/557-FALL2022/project---design-hw1-group_4_fhd/penn-pals/server/auth.js": {"path":"/Users/divyakumari/Documents/557-FALL2022/project---design-hw1-group_4_fhd/penn-pals/server/auth.js","statementMap":{"0":{"start":{"line":2,"column":12},"end":{"line":2,"column":35}},"1":{"start":{"line":3,"column":14},"end":{"line":3,"column":30}},"2":{"start":{"line":4,"column":12},"end":{"line":4,"column":60}},"3":{"start":{"line":7,"column":14},"end":{"line":7,"column":38}},"4":{"start":{"line":13,"column":25},"end":{"line":25,"column":1}},"5":{"start":{"line":15,"column":2},"end":{"line":17,"column":3}},"6":{"start":{"line":16,"column":4},"end":{"line":16,"column":17}},"7":{"start":{"line":18,"column":2},"end":{"line":24,"column":3}},"8":{"start":{"line":19,"column":20},"end":{"line":19,"column":42}},"9":{"start":{"line":20,"column":4},"end":{"line":20,"column":16}},"10":{"start":{"line":22,"column":4},"end":{"line":22,"column":41}},"11":{"start":{"line":23,"column":4},"end":{"line":23,"column":17}},"12":{"start":{"line":27,"column":0},"end":{"line":27,"column":38}}},"fnMap":{"0":{"name":"(anonymous_0)","decl":{"start":{"line":13,"column":25},"end":{"line":13,"column":26}},"loc":{"start":{"line":13,"column":41},"end":{"line":25,"column":1}},"line":13}},"branchMap":{"0":{"loc":{"start":{"line":15,"column":2},"end":{"line":17,"column":3}},"type":"if","locations":[{"start":{"line":15,"column":2},"end":{"line":17,"column":3}},{"start":{},"end":{}}],"line":15},"1":{"loc":{"start":{"line":15,"column":6},"end":{"line":15,"column":46}},"type":"binary-expr","locations":[{"start":{"line":15,"column":6},"end":{"line":15,"column":22}},{"start":{"line":15,"column":26},"end":{"line":15,"column":38}},{"start":{"line":15,"column":42},"end":{"line":15,"column":46}}],"line":15}},"s":{"0":1,"1":1,"2":1,"3":1,"4":1,"5":2,"6":0,"7":2,"8":2,"9":1,"10":1,"11":1,"12":1},"f":{"0":2},"b":{"0":[0,2],"1":[2,2,2]},"_coverageSchema":"1a1c01bbd47fc00a2c39e90264f33305004495a9","hash":"42b6a170e68113c281356f351adadc03c27d74ad"}
,"/Users/divyakumari/Documents/557-FALL2022/project---design-hw1-group_4_fhd/penn-pals/server/dbFunctions.js": {"path":"/Users/divyakumari/Documents/557-FALL2022/project---design-hw1-group_4_fhd/penn-pals/server/dbFunctions.js","statementMap":{"0":{"start":{"line":2,"column":42},"end":{"line":2,"column":60}},"1":{"start":{"line":5,"column":21},"end":{"line":5,"column":39}},"2":{"start":{"line":7,"column":14},"end":{"line":7,"column":116}},"3":{"start":{"line":12,"column":16},"end":{"line":29,"column":3}},"4":{"start":{"line":14,"column":4},"end":{"line":28,"column":5}},"5":{"start":{"line":16,"column":6},"end":{"line":19,"column":8}},"6":{"start":{"line":21,"column":6},"end":{"line":21,"column":33}},"7":{"start":{"line":23,"column":6},"end":{"line":23,"column":58}},"8":{"start":{"line":25,"column":6},"end":{"line":25,"column":17}},"9":{"start":{"line":27,"column":6},"end":{"line":27,"column":31}},"10":{"start":{"line":31,"column":31},"end":{"line":34,"column":1}},"11":{"start":{"line":32,"column":2},"end":{"line":32,"column":32}},"12":{"start":{"line":33,"column":2},"end":{"line":33,"column":41}},"13":{"start":{"line":37,"column":16},"end":{"line":44,"column":1}},"14":{"start":{"line":38,"column":2},"end":{"line":43,"column":3}},"15":{"start":{"line":39,"column":19},"end":{"line":39,"column":60}},"16":{"start":{"line":40,"column":4},"end":{"line":40,"column":17}},"17":{"start":{"line":42,"column":4},"end":{"line":42,"column":42}},"18":{"start":{"line":46,"column":16},"end":{"line":53,"column":1}},"19":{"start":{"line":47,"column":2},"end":{"line":52,"column":3}},"20":{"start":{"line":48,"column":19},"end":{"line":48,"column":60}},"21":{"start":{"line":49,"column":4},"end":{"line":49,"column":18}},"22":{"start":{"line":51,"column":4},"end":{"line":51,"column":42}},"23":{"start":{"line":55,"column":21},"end":{"line":87,"column":1}},"24":{"start":{"line":56,"column":2},"end":{"line":86,"column":3}},"25":{"start":{"line":57,"column":14},"end":{"line":57,"column":16}},"26":{"start":{"line":58,"column":19},"end":{"line":58,"column":82}},"27":{"start":{"line":59,"column":4},"end":{"line":59,"column":34}},"28":{"start":{"line":60,"column":30},"end":{"line":60,"column":49}},"29":{"start":{"line":61,"column":4},"end":{"line":61,"column":47}},"30":{"start":{"line":63,"column":19},"end":{"line":63,"column":72}},"31":{"start":{"line":64,"column":4},"end":{"line":64,"column":34}},"32":{"start":{"line":66,"column":28},"end":{"line":66,"column":80}},"33":{"start":{"line":66,"column":49},"end":{"line":66,"column":79}},"34":{"start":{"line":67,"column":4},"end":{"line":67,"column":60}},"35":{"start":{"line":69,"column":4},"end":{"line":79,"column":5}},"36":{"start":{"line":69,"column":17},"end":{"line":69,"column":18}},"37":{"start":{"line":70,"column":24},"end":{"line":70,"column":91}},"38":{"start":{"line":71,"column":33},"end":{"line":71,"column":55}},"39":{"start":{"line":72,"column":6},"end":{"line":72,"column":64}},"40":{"start":{"line":74,"column":6},"end":{"line":74,"column":52}},"41":{"start":{"line":75,"column":6},"end":{"line":75,"column":68}},"42":{"start":{"line":75,"column":38},"end":{"line":75,"column":66}},"43":{"start":{"line":75,"column":52},"end":{"line":75,"column":65}},"44":{"start":{"line":76,"column":6},"end":{"line":78,"column":7}},"45":{"start":{"line":77,"column":8},"end":{"line":77,"column":64}},"46":{"start":{"line":81,"column":4},"end":{"line":81,"column":48}},"47":{"start":{"line":82,"column":4},"end":{"line":82,"column":15}},"48":{"start":{"line":85,"column":4},"end":{"line":85,"column":42}},"49":{"start":{"line":89,"column":17},"end":{"line":98,"column":1}},"50":{"start":{"line":90,"column":2},"end":{"line":97,"column":3}},"51":{"start":{"line":92,"column":19},"end":{"line":92,"column":101}},"52":{"start":{"line":94,"column":4},"end":{"line":94,"column":18}},"53":{"start":{"line":96,"column":4},"end":{"line":96,"column":41}},"54":{"start":{"line":100,"column":16},"end":{"line":107,"column":1}},"55":{"start":{"line":101,"column":2},"end":{"line":106,"column":3}},"56":{"start":{"line":102,"column":19},"end":{"line":102,"column":88}},"57":{"start":{"line":103,"column":4},"end":{"line":103,"column":18}},"58":{"start":{"line":105,"column":4},"end":{"line":105,"column":41}},"59":{"start":{"line":109,"column":16},"end":{"line":117,"column":1}},"60":{"start":{"line":110,"column":2},"end":{"line":116,"column":3}},"61":{"start":{"line":112,"column":19},"end":{"line":112,"column":82}},"62":{"start":{"line":113,"column":4},"end":{"line":113,"column":18}},"63":{"start":{"line":115,"column":4},"end":{"line":115,"column":41}},"64":{"start":{"line":119,"column":16},"end":{"line":127,"column":1}},"65":{"start":{"line":120,"column":2},"end":{"line":126,"column":3}},"66":{"start":{"line":121,"column":19},"end":{"line":121,"column":66}},"67":{"start":{"line":123,"column":4},"end":{"line":123,"column":18}},"68":{"start":{"line":125,"column":4},"end":{"line":125,"column":41}},"69":{"start":{"line":129,"column":17},"end":{"line":137,"column":1}},"70":{"start":{"line":130,"column":2},"end":{"line":136,"column":3}},"71":{"start":{"line":131,"column":19},"end":{"line":131,"column":66}},"72":{"start":{"line":133,"column":4},"end":{"line":133,"column":18}},"73":{"start":{"line":135,"column":4},"end":{"line":135,"column":41}},"74":{"start":{"line":139,"column":20},"end":{"line":146,"column":3}},"75":{"start":{"line":140,"column":4},"end":{"line":145,"column":5}},"76":{"start":{"line":141,"column":21},"end":{"line":141,"column":79}},"77":{"start":{"line":142,"column":6},"end":{"line":142,"column":19}},"78":{"start":{"line":144,"column":6},"end":{"line":144,"column":43}},"79":{"start":{"line":148,"column":21},"end":{"line":158,"column":3}},"80":{"start":{"line":150,"column":4},"end":{"line":157,"column":5}},"81":{"start":{"line":151,"column":21},"end":{"line":154,"column":7}},"82":{"start":{"line":156,"column":8},"end":{"line":156,"column":45}},"83":{"start":{"line":160,"column":18},"end":{"line":176,"column":1}},"84":{"start":{"line":161,"column":12},"end":{"line":161,"column":13}},"85":{"start":{"line":162,"column":2},"end":{"line":175,"column":3}},"86":{"start":{"line":163,"column":15},"end":{"line":163,"column":17}},"87":{"start":{"line":164,"column":19},"end":{"line":164,"column":75}},"88":{"start":{"line":165,"column":4},"end":{"line":165,"column":11}},"89":{"start":{"line":166,"column":4},"end":{"line":166,"column":29}},"90":{"start":{"line":167,"column":4},"end":{"line":170,"column":5}},"91":{"start":{"line":169,"column":4},"end":{"line":169,"column":11}},"92":{"start":{"line":171,"column":4},"end":{"line":171,"column":40}},"93":{"start":{"line":173,"column":4},"end":{"line":173,"column":41}},"94":{"start":{"line":174,"column":4},"end":{"line":174,"column":22}},"95":{"start":{"line":178,"column":19},"end":{"line":189,"column":1}},"96":{"start":{"line":179,"column":2},"end":{"line":188,"column":3}},"97":{"start":{"line":180,"column":19},"end":{"line":183,"column":5}},"98":{"start":{"line":184,"column":4},"end":{"line":184,"column":18}},"99":{"start":{"line":187,"column":4},"end":{"line":187,"column":41}},"100":{"start":{"line":191,"column":22},"end":{"line":202,"column":1}},"101":{"start":{"line":192,"column":2},"end":{"line":201,"column":3}},"102":{"start":{"line":193,"column":19},"end":{"line":196,"column":5}},"103":{"start":{"line":197,"column":4},"end":{"line":197,"column":18}},"104":{"start":{"line":200,"column":4},"end":{"line":200,"column":41}},"105":{"start":{"line":204,"column":19},"end":{"line":228,"column":1}},"106":{"start":{"line":205,"column":2},"end":{"line":227,"column":3}},"107":{"start":{"line":206,"column":4},"end":{"line":224,"column":5}},"108":{"start":{"line":207,"column":21},"end":{"line":210,"column":7}},"109":{"start":{"line":211,"column":6},"end":{"line":211,"column":20}},"110":{"start":{"line":212,"column":11},"end":{"line":224,"column":5}},"111":{"start":{"line":213,"column":21},"end":{"line":216,"column":7}},"112":{"start":{"line":217,"column":6},"end":{"line":217,"column":20}},"113":{"start":{"line":218,"column":11},"end":{"line":224,"column":5}},"114":{"start":{"line":219,"column":21},"end":{"line":222,"column":7}},"115":{"start":{"line":223,"column":6},"end":{"line":223,"column":20}},"116":{"start":{"line":226,"column":6},"end":{"line":226,"column":43}},"117":{"start":{"line":230,"column":19},"end":{"line":240,"column":1}},"118":{"start":{"line":231,"column":2},"end":{"line":239,"column":1}},"119":{"start":{"line":232,"column":17},"end":{"line":234,"column":3}},"120":{"start":{"line":236,"column":2},"end":{"line":236,"column":16}},"121":{"start":{"line":238,"column":2},"end":{"line":238,"column":39}},"122":{"start":{"line":242,"column":27},"end":{"line":251,"column":1}},"123":{"start":{"line":243,"column":2},"end":{"line":250,"column":1}},"124":{"start":{"line":244,"column":18},"end":{"line":245,"column":35}},"125":{"start":{"line":247,"column":2},"end":{"line":247,"column":17}},"126":{"start":{"line":249,"column":2},"end":{"line":249,"column":39}},"127":{"start":{"line":253,"column":25},"end":{"line":271,"column":3}},"128":{"start":{"line":254,"column":4},"end":{"line":270,"column":5}},"129":{"start":{"line":255,"column":6},"end":{"line":267,"column":7}},"130":{"start":{"line":256,"column":23},"end":{"line":259,"column":9}},"131":{"start":{"line":260,"column":8},"end":{"line":260,"column":22}},"132":{"start":{"line":261,"column":13},"end":{"line":267,"column":7}},"133":{"start":{"line":262,"column":23},"end":{"line":265,"column":9}},"134":{"start":{"line":266,"column":8},"end":{"line":266,"column":22}},"135":{"start":{"line":269,"column":8},"end":{"line":269,"column":45}},"136":{"start":{"line":273,"column":26},"end":{"line":291,"column":3}},"137":{"start":{"line":274,"column":4},"end":{"line":290,"column":5}},"138":{"start":{"line":275,"column":6},"end":{"line":287,"column":7}},"139":{"start":{"line":276,"column":23},"end":{"line":279,"column":9}},"140":{"start":{"line":280,"column":8},"end":{"line":280,"column":22}},"141":{"start":{"line":281,"column":13},"end":{"line":287,"column":7}},"142":{"start":{"line":282,"column":23},"end":{"line":285,"column":9}},"143":{"start":{"line":286,"column":8},"end":{"line":286,"column":22}},"144":{"start":{"line":289,"column":8},"end":{"line":289,"column":45}},"145":{"start":{"line":293,"column":2},"end":{"line":295,"column":4}}},"fnMap":{"0":{"name":"(anonymous_0)","decl":{"start":{"line":12,"column":16},"end":{"line":12,"column":17}},"loc":{"start":{"line":12,"column":28},"end":{"line":29,"column":3}},"line":12},"1":{"name":"(anonymous_1)","decl":{"start":{"line":31,"column":31},"end":{"line":31,"column":32}},"loc":{"start":{"line":31,"column":43},"end":{"line":34,"column":1}},"line":31},"2":{"name":"(anonymous_2)","decl":{"start":{"line":37,"column":16},"end":{"line":37,"column":17}},"loc":{"start":{"line":37,"column":39},"end":{"line":44,"column":1}},"line":37},"3":{"name":"(anonymous_3)","decl":{"start":{"line":46,"column":16},"end":{"line":46,"column":17}},"loc":{"start":{"line":46,"column":39},"end":{"line":53,"column":1}},"line":46},"4":{"name":"(anonymous_4)","decl":{"start":{"line":55,"column":21},"end":{"line":55,"column":22}},"loc":{"start":{"line":55,"column":43},"end":{"line":87,"column":1}},"line":55},"5":{"name":"(anonymous_5)","decl":{"start":{"line":66,"column":42},"end":{"line":66,"column":43}},"loc":{"start":{"line":66,"column":49},"end":{"line":66,"column":79}},"line":66},"6":{"name":"(anonymous_6)","decl":{"start":{"line":75,"column":28},"end":{"line":75,"column":29}},"loc":{"start":{"line":75,"column":38},"end":{"line":75,"column":66}},"line":75},"7":{"name":"(anonymous_7)","decl":{"start":{"line":75,"column":47},"end":{"line":75,"column":48}},"loc":{"start":{"line":75,"column":52},"end":{"line":75,"column":65}},"line":75},"8":{"name":"(anonymous_8)","decl":{"start":{"line":89,"column":17},"end":{"line":89,"column":18}},"loc":{"start":{"line":89,"column":41},"end":{"line":98,"column":1}},"line":89},"9":{"name":"(anonymous_9)","decl":{"start":{"line":100,"column":16},"end":{"line":100,"column":17}},"loc":{"start":{"line":100,"column":38},"end":{"line":107,"column":1}},"line":100},"10":{"name":"(anonymous_10)","decl":{"start":{"line":109,"column":16},"end":{"line":109,"column":17}},"loc":{"start":{"line":109,"column":38},"end":{"line":117,"column":1}},"line":109},"11":{"name":"(anonymous_11)","decl":{"start":{"line":119,"column":16},"end":{"line":119,"column":17}},"loc":{"start":{"line":119,"column":30},"end":{"line":127,"column":1}},"line":119},"12":{"name":"(anonymous_12)","decl":{"start":{"line":129,"column":17},"end":{"line":129,"column":18}},"loc":{"start":{"line":129,"column":31},"end":{"line":137,"column":1}},"line":129},"13":{"name":"(anonymous_13)","decl":{"start":{"line":139,"column":20},"end":{"line":139,"column":21}},"loc":{"start":{"line":139,"column":44},"end":{"line":146,"column":3}},"line":139},"14":{"name":"(anonymous_14)","decl":{"start":{"line":148,"column":21},"end":{"line":148,"column":22}},"loc":{"start":{"line":148,"column":53},"end":{"line":158,"column":3}},"line":148},"15":{"name":"(anonymous_15)","decl":{"start":{"line":160,"column":18},"end":{"line":160,"column":19}},"loc":{"start":{"line":160,"column":52},"end":{"line":176,"column":1}},"line":160},"16":{"name":"(anonymous_16)","decl":{"start":{"line":178,"column":19},"end":{"line":178,"column":20}},"loc":{"start":{"line":178,"column":52},"end":{"line":189,"column":1}},"line":178},"17":{"name":"(anonymous_17)","decl":{"start":{"line":191,"column":22},"end":{"line":191,"column":23}},"loc":{"start":{"line":191,"column":50},"end":{"line":202,"column":1}},"line":191},"18":{"name":"(anonymous_18)","decl":{"start":{"line":204,"column":19},"end":{"line":204,"column":20}},"loc":{"start":{"line":204,"column":54},"end":{"line":228,"column":1}},"line":204},"19":{"name":"(anonymous_19)","decl":{"start":{"line":230,"column":19},"end":{"line":230,"column":20}},"loc":{"start":{"line":230,"column":36},"end":{"line":240,"column":1}},"line":230},"20":{"name":"(anonymous_20)","decl":{"start":{"line":242,"column":27},"end":{"line":242,"column":28}},"loc":{"start":{"line":242,"column":54},"end":{"line":251,"column":1}},"line":242},"21":{"name":"(anonymous_21)","decl":{"start":{"line":253,"column":25},"end":{"line":253,"column":26}},"loc":{"start":{"line":253,"column":56},"end":{"line":271,"column":3}},"line":253},"22":{"name":"(anonymous_22)","decl":{"start":{"line":273,"column":26},"end":{"line":273,"column":27}},"loc":{"start":{"line":273,"column":57},"end":{"line":291,"column":3}},"line":273}},"branchMap":{"0":{"loc":{"start":{"line":76,"column":6},"end":{"line":78,"column":7}},"type":"if","locations":[{"start":{"line":76,"column":6},"end":{"line":78,"column":7}},{"start":{},"end":{}}],"line":76},"1":{"loc":{"start":{"line":76,"column":9},"end":{"line":76,"column":71}},"type":"binary-expr","locations":[{"start":{"line":76,"column":9},"end":{"line":76,"column":28}},{"start":{"line":76,"column":32},"end":{"line":76,"column":71}}],"line":76},"2":{"loc":{"start":{"line":167,"column":4},"end":{"line":170,"column":5}},"type":"if","locations":[{"start":{"line":167,"column":4},"end":{"line":170,"column":5}},{"start":{},"end":{}}],"line":167},"3":{"loc":{"start":{"line":206,"column":4},"end":{"line":224,"column":5}},"type":"if","locations":[{"start":{"line":206,"column":4},"end":{"line":224,"column":5}},{"start":{"line":212,"column":11},"end":{"line":224,"column":5}}],"line":206},"4":{"loc":{"start":{"line":212,"column":11},"end":{"line":224,"column":5}},"type":"if","locations":[{"start":{"line":212,"column":11},"end":{"line":224,"column":5}},{"start":{"line":218,"column":11},"end":{"line":224,"column":5}}],"line":212},"5":{"loc":{"start":{"line":218,"column":11},"end":{"line":224,"column":5}},"type":"if","locations":[{"start":{"line":218,"column":11},"end":{"line":224,"column":5}},{"start":{},"end":{}}],"line":218},"6":{"loc":{"start":{"line":255,"column":6},"end":{"line":267,"column":7}},"type":"if","locations":[{"start":{"line":255,"column":6},"end":{"line":267,"column":7}},{"start":{"line":261,"column":13},"end":{"line":267,"column":7}}],"line":255},"7":{"loc":{"start":{"line":261,"column":13},"end":{"line":267,"column":7}},"type":"if","locations":[{"start":{"line":261,"column":13},"end":{"line":267,"column":7}},{"start":{},"end":{}}],"line":261},"8":{"loc":{"start":{"line":275,"column":6},"end":{"line":287,"column":7}},"type":"if","locations":[{"start":{"line":275,"column":6},"end":{"line":287,"column":7}},{"start":{"line":281,"column":13},"end":{"line":287,"column":7}}],"line":275},"9":{"loc":{"start":{"line":281,"column":13},"end":{"line":287,"column":7}},"type":"if","locations":[{"start":{"line":281,"column":13},"end":{"line":287,"column":7}},{"start":{},"end":{}}],"line":281}},"s":{"0":1,"1":1,"2":1,"3":1,"4":3,"5":3,"6":3,"7":3,"8":3,"9":0,"10":1,"11":1,"12":1,"13":1,"14":1,"15":1,"16":1,"17":0,"18":1,"19":1,"20":1,"21":1,"22":0,"23":1,"24":0,"25":0,"26":0,"27":0,"28":0,"29":0,"30":0,"31":0,"32":0,"33":0,"34":0,"35":0,"36":0,"37":0,"38":0,"39":0,"40":0,"41":0,"42":0,"43":0,"44":0,"45":0,"46":0,"47":0,"48":0,"49":1,"50":0,"51":0,"52":0,"53":0,"54":1,"55":2,"56":2,"57":1,"58":1,"59":1,"60":2,"61":2,"62":1,"63":1,"64":1,"65":0,"66":0,"67":0,"68":0,"69":1,"70":1,"71":1,"72":1,"73":0,"74":1,"75":1,"76":1,"77":1,"78":0,"79":1,"80":1,"81":1,"82":0,"83":1,"84":1,"85":1,"86":1,"87":1,"88":1,"89":1,"90":1,"91":1,"92":1,"93":0,"94":0,"95":1,"96":1,"97":1,"98":1,"99":0,"100":1,"101":0,"102":0,"103":0,"104":0,"105":1,"106":3,"107":3,"108":1,"109":1,"110":2,"111":1,"112":1,"113":1,"114":1,"115":1,"116":0,"117":1,"118":0,"119":0,"120":0,"121":0,"122":1,"123":0,"124":0,"125":0,"126":0,"127":1,"128":1,"129":1,"130":0,"131":0,"132":1,"133":1,"134":1,"135":0,"136":1,"137":1,"138":1,"139":0,"140":0,"141":1,"142":1,"143":1,"144":0,"145":1},"f":{"0":3,"1":1,"2":1,"3":1,"4":0,"5":0,"6":0,"7":0,"8":0,"9":2,"10":2,"11":0,"12":1,"13":1,"14":1,"15":1,"16":1,"17":0,"18":3,"19":0,"20":0,"21":1,"22":1},"b":{"0":[0,0],"1":[0,0],"2":[1,0],"3":[1,2],"4":[1,1],"5":[1,0],"6":[0,1],"7":[1,0],"8":[0,1],"9":[1,0]},"_coverageSchema":"1a1c01bbd47fc00a2c39e90264f33305004495a9","hash":"5d5e08b33d6400b76c0b9c31090164bbe27f69e5"}
,"/Users/divyakumari/Documents/557-FALL2022/project---design-hw1-group_4_fhd/penn-pals/server/server.js": {"path":"/Users/divyakumari/Documents/557-FALL2022/project---design-hw1-group_4_fhd/penn-pals/server/server.js","statementMap":{"0":{"start":{"line":1,"column":16},"end":{"line":1,"column":34}},"1":{"start":{"line":2,"column":13},"end":{"line":2,"column":28}},"2":{"start":{"line":3,"column":19},"end":{"line":3,"column":41}},"3":{"start":{"line":6,"column":12},"end":{"line":6,"column":35}},"4":{"start":{"line":7,"column":15},"end":{"line":7,"column":24}},"5":{"start":{"line":8,"column":0},"end":{"line":8,"column":19}},"6":{"start":{"line":9,"column":0},"end":{"line":9,"column":43}},"7":{"start":{"line":11,"column":13},"end":{"line":11,"column":17}},"8":{"start":{"line":14,"column":15},"end":{"line":14,"column":55}},"9":{"start":{"line":16,"column":0},"end":{"line":16,"column":51}},"10":{"start":{"line":17,"column":0},"end":{"line":17,"column":44}},"11":{"start":{"line":19,"column":13},"end":{"line":19,"column":30}},"12":{"start":{"line":20,"column":14},"end":{"line":20,"column":38}},"13":{"start":{"line":23,"column":0},"end":{"line":26,"column":3}},"14":{"start":{"line":24,"column":4},"end":{"line":24,"column":31}},"15":{"start":{"line":25,"column":4},"end":{"line":25,"column":51}},"16":{"start":{"line":28,"column":0},"end":{"line":30,"column":3}},"17":{"start":{"line":29,"column":4},"end":{"line":29,"column":56}},"18":{"start":{"line":32,"column":0},"end":{"line":41,"column":3}},"19":{"start":{"line":33,"column":4},"end":{"line":40,"column":5}},"20":{"start":{"line":34,"column":24},"end":{"line":34,"column":91}},"21":{"start":{"line":35,"column":24},"end":{"line":35,"column":97}},"22":{"start":{"line":36,"column":8},"end":{"line":36,"column":62}},"23":{"start":{"line":37,"column":8},"end":{"line":37,"column":17}},"24":{"start":{"line":39,"column":8},"end":{"line":39,"column":59}},"25":{"start":{"line":43,"column":0},"end":{"line":60,"column":2}},"26":{"start":{"line":44,"column":4},"end":{"line":58,"column":5}},"27":{"start":{"line":45,"column":8},"end":{"line":45,"column":61}},"28":{"start":{"line":46,"column":24},"end":{"line":46,"column":71}},"29":{"start":{"line":47,"column":8},"end":{"line":47,"column":51}},"30":{"start":{"line":50,"column":8},"end":{"line":54,"column":9}},"31":{"start":{"line":51,"column":12},"end":{"line":51,"column":76}},"32":{"start":{"line":53,"column":12},"end":{"line":53,"column":52}},"33":{"start":{"line":57,"column":8},"end":{"line":57,"column":59}},"34":{"start":{"line":63,"column":0},"end":{"line":77,"column":3}},"35":{"start":{"line":64,"column":4},"end":{"line":76,"column":7}},"36":{"start":{"line":65,"column":24},"end":{"line":65,"column":66}},"37":{"start":{"line":68,"column":8},"end":{"line":72,"column":9}},"38":{"start":{"line":69,"column":12},"end":{"line":69,"column":76}},"39":{"start":{"line":71,"column":12},"end":{"line":71,"column":52}},"40":{"start":{"line":75,"column":8},"end":{"line":75,"column":59}},"41":{"start":{"line":80,"column":0},"end":{"line":101,"column":3}},"42":{"start":{"line":81,"column":16},"end":{"line":81,"column":72}},"43":{"start":{"line":82,"column":4},"end":{"line":100,"column":5}},"44":{"start":{"line":83,"column":8},"end":{"line":97,"column":11}},"45":{"start":{"line":85,"column":26},"end":{"line":85,"column":28}},"46":{"start":{"line":86,"column":29},"end":{"line":86,"column":71}},"47":{"start":{"line":87,"column":12},"end":{"line":92,"column":13}},"48":{"start":{"line":88,"column":24},"end":{"line":88,"column":71}},"49":{"start":{"line":89,"column":14},"end":{"line":91,"column":15}},"50":{"start":{"line":90,"column":18},"end":{"line":90,"column":47}},"51":{"start":{"line":94,"column":12},"end":{"line":94,"column":52}},"52":{"start":{"line":96,"column":12},"end":{"line":96,"column":63}},"53":{"start":{"line":99,"column":8},"end":{"line":99,"column":65}},"54":{"start":{"line":103,"column":0},"end":{"line":114,"column":3}},"55":{"start":{"line":105,"column":4},"end":{"line":113,"column":5}},"56":{"start":{"line":107,"column":22},"end":{"line":107,"column":55}},"57":{"start":{"line":110,"column":6},"end":{"line":110,"column":46}},"58":{"start":{"line":112,"column":6},"end":{"line":112,"column":57}},"59":{"start":{"line":116,"column":0},"end":{"line":124,"column":2}},"60":{"start":{"line":118,"column":4},"end":{"line":123,"column":5}},"61":{"start":{"line":119,"column":24},"end":{"line":119,"column":57}},"62":{"start":{"line":120,"column":8},"end":{"line":120,"column":52}},"63":{"start":{"line":122,"column":8},"end":{"line":122,"column":59}},"64":{"start":{"line":127,"column":0},"end":{"line":134,"column":3}},"65":{"start":{"line":128,"column":4},"end":{"line":133,"column":5}},"66":{"start":{"line":129,"column":22},"end":{"line":129,"column":82}},"67":{"start":{"line":130,"column":6},"end":{"line":130,"column":46}},"68":{"start":{"line":132,"column":6},"end":{"line":132,"column":57}},"69":{"start":{"line":136,"column":0},"end":{"line":144,"column":3}},"70":{"start":{"line":138,"column":4},"end":{"line":143,"column":5}},"71":{"start":{"line":139,"column":24},"end":{"line":139,"column":85}},"72":{"start":{"line":140,"column":8},"end":{"line":140,"column":47}},"73":{"start":{"line":142,"column":8},"end":{"line":142,"column":59}},"74":{"start":{"line":146,"column":0},"end":{"line":154,"column":2}},"75":{"start":{"line":148,"column":4},"end":{"line":153,"column":5}},"76":{"start":{"line":149,"column":24},"end":{"line":149,"column":75}},"77":{"start":{"line":150,"column":8},"end":{"line":150,"column":48}},"78":{"start":{"line":152,"column":8},"end":{"line":152,"column":59}},"79":{"start":{"line":156,"column":0},"end":{"line":164,"column":2}},"80":{"start":{"line":158,"column":4},"end":{"line":163,"column":5}},"81":{"start":{"line":159,"column":24},"end":{"line":159,"column":78}},"82":{"start":{"line":160,"column":8},"end":{"line":160,"column":48}},"83":{"start":{"line":162,"column":8},"end":{"line":162,"column":59}},"84":{"start":{"line":166,"column":0},"end":{"line":174,"column":2}},"85":{"start":{"line":168,"column":4},"end":{"line":173,"column":5}},"86":{"start":{"line":169,"column":24},"end":{"line":169,"column":79}},"87":{"start":{"line":170,"column":8},"end":{"line":170,"column":48}},"88":{"start":{"line":172,"column":8},"end":{"line":172,"column":59}},"89":{"start":{"line":176,"column":0},"end":{"line":184,"column":2}},"90":{"start":{"line":178,"column":4},"end":{"line":183,"column":5}},"91":{"start":{"line":179,"column":24},"end":{"line":179,"column":80}},"92":{"start":{"line":180,"column":8},"end":{"line":180,"column":48}},"93":{"start":{"line":182,"column":8},"end":{"line":182,"column":59}},"94":{"start":{"line":186,"column":0},"end":{"line":193,"column":3}},"95":{"start":{"line":187,"column":4},"end":{"line":192,"column":5}},"96":{"start":{"line":188,"column":24},"end":{"line":188,"column":66}},"97":{"start":{"line":189,"column":8},"end":{"line":189,"column":47}},"98":{"start":{"line":191,"column":8},"end":{"line":191,"column":59}},"99":{"start":{"line":196,"column":0},"end":{"line":206,"column":3}},"100":{"start":{"line":198,"column":4},"end":{"line":205,"column":5}},"101":{"start":{"line":200,"column":24},"end":{"line":200,"column":48}},"102":{"start":{"line":202,"column":8},"end":{"line":202,"column":48}},"103":{"start":{"line":204,"column":8},"end":{"line":204,"column":60}},"104":{"start":{"line":208,"column":0},"end":{"line":225,"column":2}},"105":{"start":{"line":210,"column":4},"end":{"line":223,"column":5}},"106":{"start":{"line":212,"column":24},"end":{"line":212,"column":62}},"107":{"start":{"line":215,"column":8},"end":{"line":219,"column":9}},"108":{"start":{"line":216,"column":12},"end":{"line":216,"column":76}},"109":{"start":{"line":218,"column":12},"end":{"line":218,"column":52}},"110":{"start":{"line":222,"column":8},"end":{"line":222,"column":59}},"111":{"start":{"line":227,"column":0},"end":{"line":238,"column":2}},"112":{"start":{"line":229,"column":4},"end":{"line":236,"column":5}},"113":{"start":{"line":231,"column":24},"end":{"line":231,"column":64}},"114":{"start":{"line":233,"column":8},"end":{"line":233,"column":48}},"115":{"start":{"line":235,"column":8},"end":{"line":235,"column":59}},"116":{"start":{"line":240,"column":0},"end":{"line":249,"column":3}},"117":{"start":{"line":241,"column":4},"end":{"line":241,"column":33}},"118":{"start":{"line":242,"column":4},"end":{"line":248,"column":5}},"119":{"start":{"line":243,"column":21},"end":{"line":243,"column":66}},"120":{"start":{"line":245,"column":6},"end":{"line":245,"column":48}},"121":{"start":{"line":247,"column":6},"end":{"line":247,"column":81}},"122":{"start":{"line":251,"column":0},"end":{"line":260,"column":3}},"123":{"start":{"line":252,"column":4},"end":{"line":252,"column":33}},"124":{"start":{"line":253,"column":4},"end":{"line":259,"column":5}},"125":{"start":{"line":254,"column":23},"end":{"line":254,"column":93}},"126":{"start":{"line":256,"column":8},"end":{"line":256,"column":50}},"127":{"start":{"line":258,"column":8},"end":{"line":258,"column":83}},"128":{"start":{"line":262,"column":0},"end":{"line":262,"column":24}}},"fnMap":{"0":{"name":"(anonymous_0)","decl":{"start":{"line":23,"column":20},"end":{"line":23,"column":21}},"loc":{"start":{"line":23,"column":32},"end":{"line":26,"column":1}},"line":23},"1":{"name":"(anonymous_1)","decl":{"start":{"line":28,"column":16},"end":{"line":28,"column":17}},"loc":{"start":{"line":28,"column":31},"end":{"line":30,"column":1}},"line":28},"2":{"name":"(anonymous_2)","decl":{"start":{"line":32,"column":41},"end":{"line":32,"column":42}},"loc":{"start":{"line":32,"column":61},"end":{"line":41,"column":1}},"line":32},"3":{"name":"(anonymous_3)","decl":{"start":{"line":43,"column":33},"end":{"line":43,"column":34}},"loc":{"start":{"line":43,"column":53},"end":{"line":60,"column":1}},"line":43},"4":{"name":"(anonymous_4)","decl":{"start":{"line":63,"column":29},"end":{"line":63,"column":30}},"loc":{"start":{"line":63,"column":49},"end":{"line":77,"column":1}},"line":63},"5":{"name":"(anonymous_5)","decl":{"start":{"line":80,"column":31},"end":{"line":80,"column":32}},"loc":{"start":{"line":80,"column":51},"end":{"line":101,"column":1}},"line":80},"6":{"name":"(anonymous_6)","decl":{"start":{"line":103,"column":22},"end":{"line":103,"column":23}},"loc":{"start":{"line":103,"column":42},"end":{"line":114,"column":1}},"line":103},"7":{"name":"(anonymous_7)","decl":{"start":{"line":116,"column":22},"end":{"line":116,"column":23}},"loc":{"start":{"line":116,"column":42},"end":{"line":124,"column":1}},"line":116},"8":{"name":"(anonymous_8)","decl":{"start":{"line":127,"column":35},"end":{"line":127,"column":36}},"loc":{"start":{"line":127,"column":55},"end":{"line":134,"column":1}},"line":127},"9":{"name":"(anonymous_9)","decl":{"start":{"line":136,"column":29},"end":{"line":136,"column":30}},"loc":{"start":{"line":136,"column":47},"end":{"line":144,"column":1}},"line":136},"10":{"name":"(anonymous_10)","decl":{"start":{"line":146,"column":25},"end":{"line":146,"column":26}},"loc":{"start":{"line":146,"column":45},"end":{"line":154,"column":1}},"line":146},"11":{"name":"(anonymous_11)","decl":{"start":{"line":156,"column":27},"end":{"line":156,"column":28}},"loc":{"start":{"line":156,"column":47},"end":{"line":164,"column":1}},"line":156},"12":{"name":"(anonymous_12)","decl":{"start":{"line":166,"column":27},"end":{"line":166,"column":28}},"loc":{"start":{"line":166,"column":47},"end":{"line":174,"column":1}},"line":166},"13":{"name":"(anonymous_13)","decl":{"start":{"line":176,"column":28},"end":{"line":176,"column":29}},"loc":{"start":{"line":176,"column":48},"end":{"line":184,"column":1}},"line":176},"14":{"name":"(anonymous_14)","decl":{"start":{"line":186,"column":28},"end":{"line":186,"column":29}},"loc":{"start":{"line":186,"column":46},"end":{"line":193,"column":1}},"line":186},"15":{"name":"(anonymous_15)","decl":{"start":{"line":196,"column":21},"end":{"line":196,"column":22}},"loc":{"start":{"line":196,"column":41},"end":{"line":206,"column":1}},"line":196},"16":{"name":"(anonymous_16)","decl":{"start":{"line":208,"column":25},"end":{"line":208,"column":26}},"loc":{"start":{"line":208,"column":45},"end":{"line":225,"column":1}},"line":208},"17":{"name":"(anonymous_17)","decl":{"start":{"line":227,"column":27},"end":{"line":227,"column":28}},"loc":{"start":{"line":227,"column":47},"end":{"line":238,"column":1}},"line":227},"18":{"name":"(anonymous_18)","decl":{"start":{"line":240,"column":32},"end":{"line":240,"column":33}},"loc":{"start":{"line":240,"column":52},"end":{"line":249,"column":1}},"line":240},"19":{"name":"(anonymous_19)","decl":{"start":{"line":251,"column":38},"end":{"line":251,"column":39}},"loc":{"start":{"line":251,"column":58},"end":{"line":260,"column":1}},"line":251}},"branchMap":{"0":{"loc":{"start":{"line":50,"column":8},"end":{"line":54,"column":9}},"type":"if","locations":[{"start":{"line":50,"column":8},"end":{"line":54,"column":9}},{"start":{"line":52,"column":15},"end":{"line":54,"column":9}}],"line":50},"1":{"loc":{"start":{"line":68,"column":8},"end":{"line":72,"column":9}},"type":"if","locations":[{"start":{"line":68,"column":8},"end":{"line":72,"column":9}},{"start":{"line":70,"column":15},"end":{"line":72,"column":9}}],"line":68},"2":{"loc":{"start":{"line":82,"column":4},"end":{"line":100,"column":5}},"type":"if","locations":[{"start":{"line":82,"column":4},"end":{"line":100,"column":5}},{"start":{"line":98,"column":11},"end":{"line":100,"column":5}}],"line":82},"3":{"loc":{"start":{"line":89,"column":14},"end":{"line":91,"column":15}},"type":"if","locations":[{"start":{"line":89,"column":14},"end":{"line":91,"column":15}},{"start":{},"end":{}}],"line":89},"4":{"loc":{"start":{"line":215,"column":8},"end":{"line":219,"column":9}},"type":"if","locations":[{"start":{"line":215,"column":8},"end":{"line":219,"column":9}},{"start":{"line":217,"column":15},"end":{"line":219,"column":9}}],"line":215}},"s":{"0":1,"1":1,"2":1,"3":1,"4":1,"5":1,"6":1,"7":1,"8":1,"9":1,"10":1,"11":1,"12":1,"13":1,"14":1,"15":1,"16":1,"17":0,"18":1,"19":1,"20":1,"21":1,"22":1,"23":1,"24":0,"25":1,"26":0,"27":0,"28":0,"29":0,"30":0,"31":0,"32":0,"33":0,"34":1,"35":2,"36":2,"37":2,"38":1,"39":1,"40":0,"41":1,"42":0,"43":0,"44":0,"45":0,"46":0,"47":0,"48":0,"49":0,"50":0,"51":0,"52":0,"53":0,"54":1,"55":1,"56":1,"57":1,"58":0,"59":1,"60":1,"61":1,"62":1,"63":0,"64":1,"65":1,"66":1,"67":1,"68":0,"69":1,"70":1,"71":1,"72":1,"73":0,"74":1,"75":3,"76":3,"77":3,"78":0,"79":1,"80":0,"81":0,"82":0,"83":0,"84":1,"85":1,"86":1,"87":1,"88":0,"89":1,"90":1,"91":1,"92":1,"93":0,"94":1,"95":0,"96":0,"97":0,"98":0,"99":1,"100":1,"101":1,"102":1,"103":0,"104":1,"105":2,"106":2,"107":2,"108":1,"109":1,"110":0,"111":1,"112":1,"113":1,"114":1,"115":0,"116":1,"117":0,"118":0,"119":0,"120":0,"121":0,"122":1,"123":0,"124":0,"125":0,"126":0,"127":0,"128":1},"f":{"0":1,"1":0,"2":1,"3":0,"4":2,"5":0,"6":1,"7":1,"8":1,"9":1,"10":3,"11":0,"12":1,"13":1,"14":0,"15":1,"16":2,"17":1,"18":0,"19":0},"b":{"0":[0,0],"1":[1,1],"2":[0,0],"3":[0,0],"4":[1,1]},"_coverageSchema":"1a1c01bbd47fc00a2c39e90264f33305004495a9","hash":"358028d20e96299d7a7423fff9b979ef5bf4f919"}
}
