TN:
SF:auth.js
FN:13,(anonymous_0)
FNF:1
FNH:1
FNDA:2,(anonymous_0)
DA:2,1
DA:3,1
DA:4,1
DA:7,1
DA:13,1
DA:15,2
DA:16,0
DA:18,2
DA:19,2
DA:20,1
DA:22,1
DA:23,1
DA:27,1
LF:13
LH:12
BRDA:15,0,0,0
BRDA:15,0,1,2
BRDA:15,1,0,2
BRDA:15,1,1,2
BRDA:15,1,2,2
BRF:5
BRH:4
end_of_record
TN:
SF:dbFunctions.js
FN:12,(anonymous_0)
FN:31,(anonymous_1)
FN:37,(anonymous_2)
FN:46,(anonymous_3)
FN:55,(anonymous_4)
FN:66,(anonymous_5)
FN:75,(anonymous_6)
FN:75,(anonymous_7)
FN:89,(anonymous_8)
FN:100,(anonymous_9)
FN:109,(anonymous_10)
FN:119,(anonymous_11)
FN:129,(anonymous_12)
FN:139,(anonymous_13)
FN:148,(anonymous_14)
FN:160,(anonymous_15)
FN:178,(anonymous_16)
FN:191,(anonymous_17)
FN:204,(anonymous_18)
FN:230,(anonymous_19)
FN:242,(anonymous_20)
FN:253,(anonymous_21)
FN:273,(anonymous_22)
FNF:23
FNH:14
FNDA:3,(anonymous_0)
FNDA:1,(anonymous_1)
FNDA:1,(anonymous_2)
FNDA:1,(anonymous_3)
FNDA:0,(anonymous_4)
FNDA:0,(anonymous_5)
FNDA:0,(anonymous_6)
FNDA:0,(anonymous_7)
FNDA:0,(anonymous_8)
FNDA:2,(anonymous_9)
FNDA:2,(anonymous_10)
FNDA:0,(anonymous_11)
FNDA:1,(anonymous_12)
FNDA:1,(anonymous_13)
FNDA:1,(anonymous_14)
FNDA:1,(anonymous_15)
FNDA:1,(anonymous_16)
FNDA:0,(anonymous_17)
FNDA:3,(anonymous_18)
FNDA:0,(anonymous_19)
FNDA:0,(anonymous_20)
FNDA:1,(anonymous_21)
FNDA:1,(anonymous_22)
DA:2,1
DA:5,1
DA:7,1
DA:12,1
DA:14,3
DA:16,3
DA:21,3
DA:23,3
DA:25,3
DA:27,0
DA:31,1
DA:32,1
DA:33,1
DA:37,1
DA:38,1
DA:39,1
DA:40,1
DA:42,0
DA:46,1
DA:47,1
DA:48,1
DA:49,1
DA:51,0
DA:55,1
DA:56,0
DA:57,0
DA:58,0
DA:59,0
DA:60,0
DA:61,0
DA:63,0
DA:64,0
DA:66,0
DA:67,0
DA:69,0
DA:70,0
DA:71,0
DA:72,0
DA:74,0
DA:75,0
DA:76,0
DA:77,0
DA:81,0
DA:82,0
DA:85,0
DA:89,1
DA:90,0
DA:92,0
DA:94,0
DA:96,0
DA:100,1
DA:101,2
DA:102,2
DA:103,1
DA:105,1
DA:109,1
DA:110,2
DA:112,2
DA:113,1
DA:115,1
DA:119,1
DA:120,0
DA:121,0
DA:123,0
DA:125,0
DA:129,1
DA:130,1
DA:131,1
DA:133,1
DA:135,0
DA:139,1
DA:140,1
DA:141,1
DA:142,1
DA:144,0
DA:148,1
DA:150,1
DA:151,1
DA:156,0
DA:160,1
DA:161,1
DA:162,1
DA:163,1
DA:164,1
DA:165,1
DA:166,1
DA:167,1
DA:169,1
DA:171,1
DA:173,0
DA:174,0
DA:178,1
DA:179,1
DA:180,1
DA:184,1
DA:187,0
DA:191,1
DA:192,0
DA:193,0
DA:197,0
DA:200,0
DA:204,1
DA:205,3
DA:206,3
DA:207,1
DA:211,1
DA:212,2
DA:213,1
DA:217,1
DA:218,1
DA:219,1
DA:223,1
DA:226,0
DA:230,1
DA:231,0
DA:232,0
DA:236,0
DA:238,0
DA:242,1
DA:243,0
DA:244,0
DA:247,0
DA:249,0
DA:253,1
DA:254,1
DA:255,1
DA:256,0
DA:260,0
DA:261,1
DA:262,1
DA:266,1
DA:269,0
DA:273,1
DA:274,1
DA:275,1
DA:276,0
DA:280,0
DA:281,1
DA:282,1
DA:286,1
DA:289,0
DA:293,1
LF:142
LH:85
BRDA:76,0,0,0
BRDA:76,0,1,0
BRDA:76,1,0,0
BRDA:76,1,1,0
BRDA:167,2,0,1
BRDA:167,2,1,0
BRDA:206,3,0,1
BRDA:206,3,1,2
BRDA:212,4,0,1
BRDA:212,4,1,1
BRDA:218,5,0,1
BRDA:218,5,1,0
BRDA:255,6,0,0
BRDA:255,6,1,1
BRDA:261,7,0,1
BRDA:261,7,1,0
BRDA:275,8,0,0
BRDA:275,8,1,1
BRDA:281,9,0,1
BRDA:281,9,1,0
BRF:20
BRH:10
end_of_record
TN:
SF:server.js
FN:23,(anonymous_0)
FN:28,(anonymous_1)
FN:32,(anonymous_2)
FN:43,(anonymous_3)
FN:63,(anonymous_4)
FN:80,(anonymous_5)
FN:103,(anonymous_6)
FN:116,(anonymous_7)
FN:127,(anonymous_8)
FN:136,(anonymous_9)
FN:146,(anonymous_10)
FN:156,(anonymous_11)
FN:166,(anonymous_12)
FN:176,(anonymous_13)
FN:186,(anonymous_14)
FN:196,(anonymous_15)
FN:208,(anonymous_16)
FN:227,(anonymous_17)
FN:240,(anonymous_18)
FN:251,(anonymous_19)
FNF:20
FNH:13
FNDA:1,(anonymous_0)
FNDA:0,(anonymous_1)
FNDA:1,(anonymous_2)
FNDA:0,(anonymous_3)
FNDA:2,(anonymous_4)
FNDA:0,(anonymous_5)
FNDA:1,(anonymous_6)
FNDA:1,(anonymous_7)
FNDA:1,(anonymous_8)
FNDA:1,(anonymous_9)
FNDA:3,(anonymous_10)
FNDA:0,(anonymous_11)
FNDA:1,(anonymous_12)
FNDA:1,(anonymous_13)
FNDA:0,(anonymous_14)
FNDA:1,(anonymous_15)
FNDA:2,(anonymous_16)
FNDA:1,(anonymous_17)
FNDA:0,(anonymous_18)
FNDA:0,(anonymous_19)
DA:1,1
DA:2,1
DA:3,1
DA:6,1
DA:7,1
DA:8,1
DA:9,1
DA:11,1
DA:14,1
DA:16,1
DA:17,1
DA:19,1
DA:20,1
DA:23,1
DA:24,1
DA:25,1
DA:28,1
DA:29,0
DA:32,1
DA:33,1
DA:34,1
DA:35,1
DA:36,1
DA:37,1
DA:39,0
DA:43,1
DA:44,0
DA:45,0
DA:46,0
DA:47,0
DA:50,0
DA:51,0
DA:53,0
DA:57,0
DA:63,1
DA:64,2
DA:65,2
DA:68,2
DA:69,1
DA:71,1
DA:75,0
DA:80,1
DA:81,0
DA:82,0
DA:83,0
DA:85,0
DA:86,0
DA:87,0
DA:88,0
DA:89,0
DA:90,0
DA:94,0
DA:96,0
DA:99,0
DA:103,1
DA:105,1
DA:107,1
DA:110,1
DA:112,0
DA:116,1
DA:118,1
DA:119,1
DA:120,1
DA:122,0
DA:127,1
DA:128,1
DA:129,1
DA:130,1
DA:132,0
DA:136,1
DA:138,1
DA:139,1
DA:140,1
DA:142,0
DA:146,1
DA:148,3
DA:149,3
DA:150,3
DA:152,0
DA:156,1
DA:158,0
DA:159,0
DA:160,0
DA:162,0
DA:166,1
DA:168,1
DA:169,1
DA:170,1
DA:172,0
DA:176,1
DA:178,1
DA:179,1
DA:180,1
DA:182,0
DA:186,1
DA:187,0
DA:188,0
DA:189,0
DA:191,0
DA:196,1
DA:198,1
DA:200,1
DA:202,1
DA:204,0
DA:208,1
DA:210,2
DA:212,2
DA:215,2
DA:216,1
DA:218,1
DA:222,0
DA:227,1
DA:229,1
DA:231,1
DA:233,1
DA:235,0
DA:240,1
DA:241,0
DA:242,0
DA:243,0
DA:245,0
DA:247,0
DA:251,1
DA:252,0
DA:253,0
DA:254,0
DA:256,0
DA:258,0
DA:262,1
LF:129
LH:78
BRDA:50,0,0,0
BRDA:50,0,1,0
BRDA:68,1,0,1
BRDA:68,1,1,1
BRDA:82,2,0,0
BRDA:82,2,1,0
BRDA:89,3,0,0
BRDA:89,3,1,0
BRDA:215,4,0,1
BRDA:215,4,1,1
BRF:10
BRH:4
end_of_record
