{"/Users/divyakumari/Documents/557-FALL2022/project---design-hw1-group_4_fhd/penn-pals/src/App.tsx": {"path":"/Users/divyakumari/Documents/557-FALL2022/project---design-hw1-group_4_fhd/penn-pals/src/App.tsx","statementMap":{"0":{"start":{"line":15,"column":2},"end":{"line":29,"column":4}}},"fnMap":{"0":{"name":"App","decl":{"start":{"line":13,"column":9},"end":{"line":13,"column":12}},"loc":{"start":{"line":13,"column":15},"end":{"line":30,"column":1}},"line":13}},"branchMap":{},"s":{"0":1},"f":{"0":1},"b":{},"_coverageSchema":"1a1c01bbd47fc00a2c39e90264f33305004495a9","hash":"40fcd86ad6d15c3aec826644c380d7ac70fa2e0d"}
,"/Users/divyakumari/Documents/557-FALL2022/project---design-hw1-group_4_fhd/penn-pals/src/index.tsx": {"path":"/Users/divyakumari/Documents/557-FALL2022/project---design-hw1-group_4_fhd/penn-pals/src/index.tsx","statementMap":{"0":{"start":{"line":8,"column":13},"end":{"line":10,"column":1}},"1":{"start":{"line":11,"column":0},"end":{"line":15,"column":2}},"2":{"start":{"line":17,"column":0},"end":{"line":17,"column":18}}},"fnMap":{},"branchMap":{},"s":{"0":0,"1":0,"2":0},"f":{},"b":{}}
,"/Users/divyakumari/Documents/557-FALL2022/project---design-hw1-group_4_fhd/penn-pals/src/reportWebVitals.ts": {"path":"/Users/divyakumari/Documents/557-FALL2022/project---design-hw1-group_4_fhd/penn-pals/src/reportWebVitals.ts","statementMap":{"0":{"start":{"line":3,"column":24},"end":{"line":13,"column":1}},"1":{"start":{"line":4,"column":2},"end":{"line":12,"column":3}},"2":{"start":{"line":5,"column":4},"end":{"line":11,"column":7}},"3":{"start":{"line":6,"column":6},"end":{"line":6,"column":26}},"4":{"start":{"line":7,"column":6},"end":{"line":7,"column":26}},"5":{"start":{"line":8,"column":6},"end":{"line":8,"column":26}},"6":{"start":{"line":9,"column":6},"end":{"line":9,"column":26}},"7":{"start":{"line":10,"column":6},"end":{"line":10,"column":27}}},"fnMap":{"0":{"name":"(anonymous_0)","decl":{"start":{"line":3,"column":24},"end":{"line":3,"column":25}},"loc":{"start":{"line":3,"column":57},"end":{"line":13,"column":1}},"line":3},"1":{"name":"(anonymous_1)","decl":{"start":{"line":5,"column":30},"end":{"line":5,"column":31}},"loc":{"start":{"line":5,"column":79},"end":{"line":11,"column":5}},"line":5}},"branchMap":{"0":{"loc":{"start":{"line":4,"column":2},"end":{"line":12,"column":3}},"type":"if","locations":[{"start":{"line":4,"column":2},"end":{"line":12,"column":3}},{"start":{},"end":{}}],"line":4},"1":{"loc":{"start":{"line":4,"column":6},"end":{"line":4,"column":52}},"type":"binary-expr","locations":[{"start":{"line":4,"column":6},"end":{"line":4,"column":17}},{"start":{"line":4,"column":21},"end":{"line":4,"column":52}}],"line":4}},"s":{"0":0,"1":0,"2":0,"3":0,"4":0,"5":0,"6":0,"7":0},"f":{"0":0,"1":0},"b":{"0":[0,0],"1":[0,0]}}
,"/Users/divyakumari/Documents/557-FALL2022/project---design-hw1-group_4_fhd/penn-pals/src/components/activityFeed/activityFeed.tsx": {"path":"/Users/divyakumari/Documents/557-FALL2022/project---design-hw1-group_4_fhd/penn-pals/src/components/activityFeed/activityFeed.tsx","statementMap":{"0":{"start":{"line":16,"column":12},"end":{"line":16,"column":82}},"1":{"start":{"line":22,"column":21},"end":{"line":22,"column":34}},"2":{"start":{"line":23,"column":29},"end":{"line":23,"column":40}},"3":{"start":{"line":24,"column":30},"end":{"line":34,"column":5}},"4":{"start":{"line":36,"column":4},"end":{"line":41,"column":11}},"5":{"start":{"line":37,"column":26},"end":{"line":39,"column":9}},"6":{"start":{"line":38,"column":12},"end":{"line":38,"column":62}},"7":{"start":{"line":38,"column":47},"end":{"line":38,"column":61}},"8":{"start":{"line":40,"column":8},"end":{"line":40,"column":20}},"9":{"start":{"line":43,"column":21},"end":{"line":43,"column":59}},"10":{"start":{"line":45,"column":25},"end":{"line":49,"column":5}},"11":{"start":{"line":46,"column":8},"end":{"line":48,"column":9}},"12":{"start":{"line":47,"column":12},"end":{"line":47,"column":50}},"13":{"start":{"line":51,"column":22},"end":{"line":56,"column":10}},"14":{"start":{"line":52,"column":8},"end":{"line":55,"column":30}},"15":{"start":{"line":58,"column":4},"end":{"line":97,"column":6}},"16":{"start":{"line":73,"column":36},"end":{"line":75,"column":45}},"17":{"start":{"line":73,"column":74},"end":{"line":73,"column":116}}},"fnMap":{"0":{"name":"ActivityFeed","decl":{"start":{"line":18,"column":9},"end":{"line":18,"column":21}},"loc":{"start":{"line":18,"column":24},"end":{"line":98,"column":1}},"line":18},"1":{"name":"(anonymous_1)","decl":{"start":{"line":36,"column":20},"end":{"line":36,"column":21}},"loc":{"start":{"line":36,"column":26},"end":{"line":41,"column":5}},"line":36},"2":{"name":"(anonymous_2)","decl":{"start":{"line":37,"column":26},"end":{"line":37,"column":27}},"loc":{"start":{"line":37,"column":38},"end":{"line":39,"column":9}},"line":37},"3":{"name":"(anonymous_3)","decl":{"start":{"line":38,"column":37},"end":{"line":38,"column":38}},"loc":{"start":{"line":38,"column":47},"end":{"line":38,"column":61}},"line":38},"4":{"name":"(anonymous_4)","decl":{"start":{"line":45,"column":25},"end":{"line":45,"column":26}},"loc":{"start":{"line":45,"column":46},"end":{"line":49,"column":5}},"line":45},"5":{"name":"(anonymous_5)","decl":{"start":{"line":51,"column":32},"end":{"line":51,"column":33}},"loc":{"start":{"line":52,"column":8},"end":{"line":55,"column":30}},"line":52},"6":{"name":"(anonymous_6)","decl":{"start":{"line":72,"column":46},"end":{"line":72,"column":47}},"loc":{"start":{"line":73,"column":36},"end":{"line":75,"column":45}},"line":73},"7":{"name":"(anonymous_7)","decl":{"start":{"line":73,"column":64},"end":{"line":73,"column":65}},"loc":{"start":{"line":73,"column":74},"end":{"line":73,"column":116}},"line":73}},"branchMap":{"0":{"loc":{"start":{"line":46,"column":8},"end":{"line":48,"column":9}},"type":"if","locations":[{"start":{"line":46,"column":8},"end":{"line":48,"column":9}},{"start":{},"end":{}}],"line":46}},"s":{"0":5,"1":4,"2":4,"3":4,"4":4,"5":3,"6":3,"7":0,"8":3,"9":4,"10":4,"11":1,"12":0,"13":4,"14":4,"15":4,"16":12,"17":1},"f":{"0":4,"1":3,"2":3,"3":0,"4":1,"5":4,"6":12,"7":1},"b":{"0":[0,1]},"_coverageSchema":"1a1c01bbd47fc00a2c39e90264f33305004495a9","hash":"d6edb6af55ad59d334a89d7a943c5290e26f4a1c"}
,"/Users/divyakumari/Documents/557-FALL2022/project---design-hw1-group_4_fhd/penn-pals/src/components/forgotPassword/forgotPassword.tsx": {"path":"/Users/divyakumari/Documents/557-FALL2022/project---design-hw1-group_4_fhd/penn-pals/src/components/forgotPassword/forgotPassword.tsx","statementMap":{"0":{"start":{"line":16,"column":14},"end":{"line":16,"column":27}},"1":{"start":{"line":18,"column":23},"end":{"line":97,"column":1}},"2":{"start":{"line":19,"column":23},"end":{"line":21,"column":3}},"3":{"start":{"line":20,"column":4},"end":{"line":20,"column":27}},"4":{"start":{"line":23,"column":30},"end":{"line":23,"column":50}},"5":{"start":{"line":24,"column":22},"end":{"line":26,"column":3}},"6":{"start":{"line":25,"column":4},"end":{"line":25,"column":35}},"7":{"start":{"line":28,"column":2},"end":{"line":96,"column":4}}},"fnMap":{"0":{"name":"(anonymous_0)","decl":{"start":{"line":18,"column":23},"end":{"line":18,"column":24}},"loc":{"start":{"line":18,"column":29},"end":{"line":97,"column":1}},"line":18},"1":{"name":"(anonymous_1)","decl":{"start":{"line":19,"column":23},"end":{"line":19,"column":24}},"loc":{"start":{"line":19,"column":68},"end":{"line":21,"column":3}},"line":19},"2":{"name":"(anonymous_2)","decl":{"start":{"line":24,"column":22},"end":{"line":24,"column":23}},"loc":{"start":{"line":24,"column":58},"end":{"line":26,"column":3}},"line":24}},"branchMap":{},"s":{"0":2,"1":2,"2":5,"3":1,"4":5,"5":5,"6":1,"7":5},"f":{"0":5,"1":1,"2":1},"b":{},"_coverageSchema":"1a1c01bbd47fc00a2c39e90264f33305004495a9","hash":"f0ad55886567a6e9c0b4992ac2e05ca8ceaa61a1"}
,"/Users/divyakumari/Documents/557-FALL2022/project---design-hw1-group_4_fhd/penn-pals/src/components/loginPage/loginPage.tsx": {"path":"/Users/divyakumari/Documents/557-FALL2022/project---design-hw1-group_4_fhd/penn-pals/src/components/loginPage/loginPage.tsx","statementMap":{"0":{"start":{"line":17,"column":14},"end":{"line":17,"column":27}},"1":{"start":{"line":21,"column":19},"end":{"line":21,"column":32}},"2":{"start":{"line":23,"column":30},"end":{"line":23,"column":42}},"3":{"start":{"line":24,"column":21},"end":{"line":26,"column":3}},"4":{"start":{"line":25,"column":6},"end":{"line":25,"column":29}},"5":{"start":{"line":27,"column":34},"end":{"line":27,"column":46}},"6":{"start":{"line":28,"column":25},"end":{"line":30,"column":3}},"7":{"start":{"line":29,"column":6},"end":{"line":29,"column":33}},"8":{"start":{"line":32,"column":23},"end":{"line":50,"column":3}},"9":{"start":{"line":33,"column":4},"end":{"line":48,"column":5}},"10":{"start":{"line":34,"column":6},"end":{"line":47,"column":7}},"11":{"start":{"line":34,"column":19},"end":{"line":34,"column":20}},"12":{"start":{"line":35,"column":8},"end":{"line":46,"column":9}},"13":{"start":{"line":36,"column":10},"end":{"line":39,"column":11}},"14":{"start":{"line":37,"column":12},"end":{"line":37,"column":43}},"15":{"start":{"line":38,"column":12},"end":{"line":38,"column":17}},"16":{"start":{"line":41,"column":13},"end":{"line":46,"column":9}},"17":{"start":{"line":42,"column":10},"end":{"line":45,"column":11}},"18":{"start":{"line":43,"column":12},"end":{"line":43,"column":43}},"19":{"start":{"line":44,"column":12},"end":{"line":44,"column":17}},"20":{"start":{"line":52,"column":2},"end":{"line":126,"column":4}}},"fnMap":{"0":{"name":"LoginPage","decl":{"start":{"line":19,"column":9},"end":{"line":19,"column":18}},"loc":{"start":{"line":19,"column":20},"end":{"line":127,"column":1}},"line":19},"1":{"name":"(anonymous_1)","decl":{"start":{"line":24,"column":21},"end":{"line":24,"column":22}},"loc":{"start":{"line":24,"column":34},"end":{"line":26,"column":3}},"line":24},"2":{"name":"(anonymous_2)","decl":{"start":{"line":28,"column":25},"end":{"line":28,"column":26}},"loc":{"start":{"line":28,"column":38},"end":{"line":30,"column":3}},"line":28},"3":{"name":"(anonymous_3)","decl":{"start":{"line":32,"column":23},"end":{"line":32,"column":24}},"loc":{"start":{"line":32,"column":35},"end":{"line":50,"column":3}},"line":32},"4":{"name":"(anonymous_4)","decl":{"start":{"line":33,"column":29},"end":{"line":33,"column":30}},"loc":{"start":{"line":33,"column":39},"end":{"line":48,"column":3}},"line":33}},"branchMap":{"0":{"loc":{"start":{"line":35,"column":8},"end":{"line":46,"column":9}},"type":"if","locations":[{"start":{"line":35,"column":8},"end":{"line":46,"column":9}},{"start":{"line":41,"column":13},"end":{"line":46,"column":9}}],"line":35},"1":{"loc":{"start":{"line":36,"column":10},"end":{"line":39,"column":11}},"type":"if","locations":[{"start":{"line":36,"column":10},"end":{"line":39,"column":11}},{"start":{},"end":{}}],"line":36},"2":{"loc":{"start":{"line":41,"column":13},"end":{"line":46,"column":9}},"type":"if","locations":[{"start":{"line":41,"column":13},"end":{"line":46,"column":9}},{"start":{},"end":{}}],"line":41},"3":{"loc":{"start":{"line":42,"column":10},"end":{"line":45,"column":11}},"type":"if","locations":[{"start":{"line":42,"column":10},"end":{"line":45,"column":11}},{"start":{},"end":{}}],"line":42}},"s":{"0":3,"1":6,"2":6,"3":6,"4":0,"5":6,"6":6,"7":0,"8":6,"9":1,"10":0,"11":0,"12":0,"13":0,"14":0,"15":0,"16":0,"17":0,"18":0,"19":0,"20":6},"f":{"0":6,"1":0,"2":0,"3":1,"4":0},"b":{"0":[0,0],"1":[0,0],"2":[0,0],"3":[0,0]},"_coverageSchema":"1a1c01bbd47fc00a2c39e90264f33305004495a9","hash":"feedf01bad21f16ae8cc4988b787145fc899a618"}
,"/Users/divyakumari/Documents/557-FALL2022/project---design-hw1-group_4_fhd/penn-pals/src/components/otherUserProfile/otherUserProfile.tsx": {"path":"/Users/divyakumari/Documents/557-FALL2022/project---design-hw1-group_4_fhd/penn-pals/src/components/otherUserProfile/otherUserProfile.tsx","statementMap":{"0":{"start":{"line":18,"column":12},"end":{"line":18,"column":82}},"1":{"start":{"line":20,"column":17},"end":{"line":33,"column":1}},"2":{"start":{"line":37,"column":21},"end":{"line":37,"column":34}},"3":{"start":{"line":38,"column":29},"end":{"line":38,"column":40}},"4":{"start":{"line":39,"column":26},"end":{"line":39,"column":37}},"5":{"start":{"line":41,"column":48},"end":{"line":68,"column":6}},"6":{"start":{"line":70,"column":46},"end":{"line":97,"column":6}},"7":{"start":{"line":99,"column":42},"end":{"line":99,"column":68}},"8":{"start":{"line":100,"column":32},"end":{"line":100,"column":48}},"9":{"start":{"line":101,"column":22},"end":{"line":101,"column":36}},"10":{"start":{"line":102,"column":4},"end":{"line":125,"column":11}},"11":{"start":{"line":103,"column":26},"end":{"line":122,"column":9}},"12":{"start":{"line":104,"column":12},"end":{"line":108,"column":15}},"13":{"start":{"line":105,"column":16},"end":{"line":105,"column":44}},"14":{"start":{"line":107,"column":16},"end":{"line":107,"column":58}},"15":{"start":{"line":110,"column":12},"end":{"line":114,"column":15}},"16":{"start":{"line":111,"column":16},"end":{"line":111,"column":44}},"17":{"start":{"line":113,"column":16},"end":{"line":113,"column":46}},"18":{"start":{"line":115,"column":12},"end":{"line":120,"column":13}},"19":{"start":{"line":116,"column":16},"end":{"line":116,"column":40}},"20":{"start":{"line":119,"column":16},"end":{"line":119,"column":42}},"21":{"start":{"line":124,"column":8},"end":{"line":124,"column":20}},"22":{"start":{"line":127,"column":25},"end":{"line":169,"column":5}},"23":{"start":{"line":129,"column":8},"end":{"line":168,"column":9}},"24":{"start":{"line":131,"column":31},"end":{"line":131,"column":58}},"25":{"start":{"line":132,"column":12},"end":{"line":132,"column":54}},"26":{"start":{"line":133,"column":31},"end":{"line":133,"column":57}},"27":{"start":{"line":134,"column":12},"end":{"line":134,"column":55}},"28":{"start":{"line":139,"column":12},"end":{"line":141,"column":14}},"29":{"start":{"line":143,"column":12},"end":{"line":145,"column":14}},"30":{"start":{"line":147,"column":12},"end":{"line":147,"column":39}},"31":{"start":{"line":151,"column":31},"end":{"line":151,"column":58}},"32":{"start":{"line":152,"column":12},"end":{"line":152,"column":81}},"33":{"start":{"line":153,"column":31},"end":{"line":153,"column":57}},"34":{"start":{"line":154,"column":12},"end":{"line":154,"column":82}},"35":{"start":{"line":159,"column":12},"end":{"line":161,"column":14}},"36":{"start":{"line":163,"column":12},"end":{"line":165,"column":14}},"37":{"start":{"line":167,"column":12},"end":{"line":167,"column":37}},"38":{"start":{"line":171,"column":25},"end":{"line":177,"column":5}},"39":{"start":{"line":172,"column":6},"end":{"line":176,"column":7}},"40":{"start":{"line":173,"column":12},"end":{"line":173,"column":45}},"41":{"start":{"line":174,"column":13},"end":{"line":176,"column":7}},"42":{"start":{"line":175,"column":12},"end":{"line":175,"column":38}},"43":{"start":{"line":179,"column":27},"end":{"line":192,"column":6}},"44":{"start":{"line":194,"column":24},"end":{"line":196,"column":6}},"45":{"start":{"line":195,"column":8},"end":{"line":195,"column":37}},"46":{"start":{"line":198,"column":4},"end":{"line":325,"column":6}},"47":{"start":{"line":213,"column":34},"end":{"line":215,"column":43}},"48":{"start":{"line":213,"column":78},"end":{"line":213,"column":120}},"49":{"start":{"line":310,"column":28},"end":{"line":315,"column":30}}},"fnMap":{"0":{"name":"OtherUserProfile","decl":{"start":{"line":35,"column":9},"end":{"line":35,"column":25}},"loc":{"start":{"line":35,"column":28},"end":{"line":326,"column":1}},"line":35},"1":{"name":"(anonymous_1)","decl":{"start":{"line":102,"column":20},"end":{"line":102,"column":21}},"loc":{"start":{"line":102,"column":26},"end":{"line":125,"column":5}},"line":102},"2":{"name":"(anonymous_2)","decl":{"start":{"line":103,"column":26},"end":{"line":103,"column":27}},"loc":{"start":{"line":103,"column":38},"end":{"line":122,"column":9}},"line":103},"3":{"name":"(anonymous_3)","decl":{"start":{"line":104,"column":55},"end":{"line":104,"column":56}},"loc":{"start":{"line":104,"column":62},"end":{"line":108,"column":13}},"line":104},"4":{"name":"(anonymous_4)","decl":{"start":{"line":110,"column":52},"end":{"line":110,"column":53}},"loc":{"start":{"line":110,"column":60},"end":{"line":114,"column":13}},"line":110},"5":{"name":"(anonymous_5)","decl":{"start":{"line":127,"column":25},"end":{"line":127,"column":26}},"loc":{"start":{"line":127,"column":37},"end":{"line":169,"column":5}},"line":127},"6":{"name":"(anonymous_6)","decl":{"start":{"line":171,"column":25},"end":{"line":171,"column":26}},"loc":{"start":{"line":171,"column":40},"end":{"line":177,"column":5}},"line":171},"7":{"name":"(anonymous_7)","decl":{"start":{"line":194,"column":48},"end":{"line":194,"column":49}},"loc":{"start":{"line":195,"column":8},"end":{"line":195,"column":37}},"line":195},"8":{"name":"(anonymous_8)","decl":{"start":{"line":212,"column":44},"end":{"line":212,"column":45}},"loc":{"start":{"line":213,"column":34},"end":{"line":215,"column":43}},"line":213},"9":{"name":"(anonymous_9)","decl":{"start":{"line":213,"column":68},"end":{"line":213,"column":69}},"loc":{"start":{"line":213,"column":78},"end":{"line":213,"column":120}},"line":213},"10":{"name":"(anonymous_10)","decl":{"start":{"line":309,"column":46},"end":{"line":309,"column":47}},"loc":{"start":{"line":310,"column":28},"end":{"line":315,"column":30}},"line":310}},"branchMap":{"0":{"loc":{"start":{"line":115,"column":12},"end":{"line":120,"column":13}},"type":"if","locations":[{"start":{"line":115,"column":12},"end":{"line":120,"column":13}},{"start":{"line":118,"column":16},"end":{"line":120,"column":13}}],"line":115},"1":{"loc":{"start":{"line":129,"column":8},"end":{"line":168,"column":9}},"type":"if","locations":[{"start":{"line":129,"column":8},"end":{"line":168,"column":9}},{"start":{"line":150,"column":8},"end":{"line":168,"column":9}}],"line":129},"2":{"loc":{"start":{"line":172,"column":6},"end":{"line":176,"column":7}},"type":"if","locations":[{"start":{"line":172,"column":6},"end":{"line":176,"column":7}},{"start":{"line":174,"column":13},"end":{"line":176,"column":7}}],"line":172},"3":{"loc":{"start":{"line":174,"column":13},"end":{"line":176,"column":7}},"type":"if","locations":[{"start":{"line":174,"column":13},"end":{"line":176,"column":7}},{"start":{},"end":{}}],"line":174}},"s":{"0":5,"1":5,"2":7,"3":6,"4":6,"5":6,"6":6,"7":6,"8":6,"9":6,"10":6,"11":5,"12":5,"13":0,"14":0,"15":0,"16":0,"17":0,"18":0,"19":0,"20":0,"21":5,"22":6,"23":0,"24":0,"25":0,"26":0,"27":0,"28":0,"29":0,"30":0,"31":0,"32":0,"33":0,"34":0,"35":0,"36":0,"37":0,"38":6,"39":1,"40":0,"41":1,"42":0,"43":6,"44":6,"45":0,"46":6,"47":18,"48":1,"49":12},"f":{"0":7,"1":5,"2":5,"3":0,"4":0,"5":0,"6":1,"7":0,"8":18,"9":1,"10":12},"b":{"0":[0,0],"1":[0,0],"2":[0,1],"3":[0,1]},"_coverageSchema":"1a1c01bbd47fc00a2c39e90264f33305004495a9","hash":"d8b70cc9eeff3e19e50ab6bfffc4f27ee7a9ff45"}
,"/Users/divyakumari/Documents/557-FALL2022/project---design-hw1-group_4_fhd/penn-pals/src/components/post/post.tsx": {"path":"/Users/divyakumari/Documents/557-FALL2022/project---design-hw1-group_4_fhd/penn-pals/src/components/post/post.tsx","statementMap":{"0":{"start":{"line":11,"column":12},"end":{"line":11,"column":82}},"1":{"start":{"line":15,"column":19},"end":{"line":15,"column":32}},"2":{"start":{"line":17,"column":26},"end":{"line":17,"column":46}},"3":{"start":{"line":19,"column":14},"end":{"line":19,"column":52}},"4":{"start":{"line":20,"column":15},"end":{"line":20,"column":41}},"5":{"start":{"line":21,"column":32},"end":{"line":21,"column":50}},"6":{"start":{"line":23,"column":2},"end":{"line":45,"column":8}},"7":{"start":{"line":24,"column":4},"end":{"line":24,"column":62}},"8":{"start":{"line":25,"column":24},"end":{"line":25,"column":26}},"9":{"start":{"line":26,"column":20},"end":{"line":26,"column":22}},"10":{"start":{"line":27,"column":26},"end":{"line":41,"column":9}},"11":{"start":{"line":28,"column":12},"end":{"line":30,"column":15}},"12":{"start":{"line":29,"column":16},"end":{"line":29,"column":36}},"13":{"start":{"line":32,"column":12},"end":{"line":35,"column":15}},"14":{"start":{"line":32,"column":49},"end":{"line":35,"column":13}},"15":{"start":{"line":37,"column":12},"end":{"line":40,"column":15}},"16":{"start":{"line":38,"column":16},"end":{"line":38,"column":35}},"17":{"start":{"line":39,"column":16},"end":{"line":39,"column":47}},"18":{"start":{"line":43,"column":8},"end":{"line":43,"column":20}},"19":{"start":{"line":47,"column":19},"end":{"line":49,"column":5}},"20":{"start":{"line":48,"column":8},"end":{"line":48,"column":25}},"21":{"start":{"line":51,"column":24},"end":{"line":69,"column":5}},"22":{"start":{"line":52,"column":22},"end":{"line":52,"column":32}},"23":{"start":{"line":53,"column":19},"end":{"line":53,"column":39}},"24":{"start":{"line":54,"column":8},"end":{"line":63,"column":9}},"25":{"start":{"line":55,"column":24},"end":{"line":55,"column":50}},"26":{"start":{"line":56,"column":26},"end":{"line":56,"column":40}},"27":{"start":{"line":57,"column":12},"end":{"line":57,"column":31}},"28":{"start":{"line":58,"column":12},"end":{"line":58,"column":36}},"29":{"start":{"line":60,"column":24},"end":{"line":60,"column":38}},"30":{"start":{"line":61,"column":10},"end":{"line":61,"column":31}},"31":{"start":{"line":62,"column":10},"end":{"line":62,"column":34}},"32":{"start":{"line":65,"column":8},"end":{"line":67,"column":10}},"33":{"start":{"line":68,"column":8},"end":{"line":68,"column":22}},"34":{"start":{"line":72,"column":20},"end":{"line":78,"column":3}},"35":{"start":{"line":73,"column":4},"end":{"line":77,"column":5}},"36":{"start":{"line":74,"column":6},"end":{"line":74,"column":44}},"37":{"start":{"line":76,"column":6},"end":{"line":76,"column":66}},"38":{"start":{"line":80,"column":21},"end":{"line":110,"column":3}},"39":{"start":{"line":81,"column":21},"end":{"line":81,"column":35}},"40":{"start":{"line":83,"column":4},"end":{"line":109,"column":5}},"41":{"start":{"line":84,"column":6},"end":{"line":84,"column":20}},"42":{"start":{"line":85,"column":6},"end":{"line":88,"column":23}},"43":{"start":{"line":90,"column":6},"end":{"line":90,"column":43}},"44":{"start":{"line":92,"column":6},"end":{"line":94,"column":8}},"45":{"start":{"line":97,"column":6},"end":{"line":97,"column":21}},"46":{"start":{"line":98,"column":6},"end":{"line":101,"column":19}},"47":{"start":{"line":103,"column":6},"end":{"line":103,"column":68}},"48":{"start":{"line":105,"column":6},"end":{"line":107,"column":8}},"49":{"start":{"line":112,"column":26},"end":{"line":112,"column":47}},"50":{"start":{"line":114,"column":23},"end":{"line":116,"column":7}},"51":{"start":{"line":115,"column":8},"end":{"line":115,"column":22}},"52":{"start":{"line":118,"column":24},"end":{"line":120,"column":3}},"53":{"start":{"line":119,"column":8},"end":{"line":119,"column":23}},"54":{"start":{"line":122,"column":16},"end":{"line":135,"column":3}},"55":{"start":{"line":137,"column":2},"end":{"line":222,"column":4}},"56":{"start":{"line":145,"column":58},"end":{"line":145,"column":69}},"57":{"start":{"line":150,"column":29},"end":{"line":150,"column":41}},"58":{"start":{"line":153,"column":29},"end":{"line":153,"column":41}},"59":{"start":{"line":175,"column":20},"end":{"line":185,"column":35}},"60":{"start":{"line":197,"column":41},"end":{"line":197,"column":65}},"61":{"start":{"line":204,"column":34},"end":{"line":204,"column":47}},"62":{"start":{"line":215,"column":62},"end":{"line":215,"column":73}}},"fnMap":{"0":{"name":"Post","decl":{"start":{"line":13,"column":9},"end":{"line":13,"column":13}},"loc":{"start":{"line":13,"column":46},"end":{"line":223,"column":1}},"line":13},"1":{"name":"(anonymous_1)","decl":{"start":{"line":23,"column":18},"end":{"line":23,"column":19}},"loc":{"start":{"line":23,"column":24},"end":{"line":45,"column":3}},"line":23},"2":{"name":"(anonymous_2)","decl":{"start":{"line":27,"column":26},"end":{"line":27,"column":27}},"loc":{"start":{"line":27,"column":38},"end":{"line":41,"column":9}},"line":27},"3":{"name":"(anonymous_3)","decl":{"start":{"line":28,"column":40},"end":{"line":28,"column":41}},"loc":{"start":{"line":28,"column":47},"end":{"line":30,"column":13}},"line":28},"4":{"name":"(anonymous_4)","decl":{"start":{"line":32,"column":39},"end":{"line":32,"column":40}},"loc":{"start":{"line":32,"column":49},"end":{"line":35,"column":13}},"line":32},"5":{"name":"(anonymous_5)","decl":{"start":{"line":37,"column":58},"end":{"line":37,"column":59}},"loc":{"start":{"line":37,"column":65},"end":{"line":40,"column":13}},"line":37},"6":{"name":"(anonymous_6)","decl":{"start":{"line":47,"column":19},"end":{"line":47,"column":20}},"loc":{"start":{"line":47,"column":38},"end":{"line":49,"column":5}},"line":47},"7":{"name":"(anonymous_7)","decl":{"start":{"line":51,"column":24},"end":{"line":51,"column":25}},"loc":{"start":{"line":51,"column":35},"end":{"line":69,"column":5}},"line":51},"8":{"name":"(anonymous_8)","decl":{"start":{"line":72,"column":20},"end":{"line":72,"column":21}},"loc":{"start":{"line":72,"column":26},"end":{"line":78,"column":3}},"line":72},"9":{"name":"(anonymous_9)","decl":{"start":{"line":80,"column":21},"end":{"line":80,"column":22}},"loc":{"start":{"line":80,"column":33},"end":{"line":110,"column":3}},"line":80},"10":{"name":"(anonymous_10)","decl":{"start":{"line":114,"column":23},"end":{"line":114,"column":24}},"loc":{"start":{"line":114,"column":29},"end":{"line":116,"column":7}},"line":114},"11":{"name":"(anonymous_11)","decl":{"start":{"line":118,"column":24},"end":{"line":118,"column":25}},"loc":{"start":{"line":118,"column":30},"end":{"line":120,"column":3}},"line":118},"12":{"name":"(anonymous_12)","decl":{"start":{"line":145,"column":51},"end":{"line":145,"column":52}},"loc":{"start":{"line":145,"column":58},"end":{"line":145,"column":69}},"line":145},"13":{"name":"(anonymous_13)","decl":{"start":{"line":150,"column":22},"end":{"line":150,"column":23}},"loc":{"start":{"line":150,"column":28},"end":{"line":150,"column":42}},"line":150},"14":{"name":"(anonymous_14)","decl":{"start":{"line":153,"column":22},"end":{"line":153,"column":23}},"loc":{"start":{"line":153,"column":28},"end":{"line":153,"column":42}},"line":153},"15":{"name":"(anonymous_15)","decl":{"start":{"line":174,"column":36},"end":{"line":174,"column":37}},"loc":{"start":{"line":175,"column":20},"end":{"line":185,"column":35}},"line":175},"16":{"name":"(anonymous_16)","decl":{"start":{"line":197,"column":34},"end":{"line":197,"column":35}},"loc":{"start":{"line":197,"column":41},"end":{"line":197,"column":65}},"line":197},"17":{"name":"(anonymous_17)","decl":{"start":{"line":204,"column":29},"end":{"line":204,"column":30}},"loc":{"start":{"line":204,"column":33},"end":{"line":204,"column":48}},"line":204},"18":{"name":"(anonymous_18)","decl":{"start":{"line":215,"column":55},"end":{"line":215,"column":56}},"loc":{"start":{"line":215,"column":62},"end":{"line":215,"column":73}},"line":215}},"branchMap":{"0":{"loc":{"start":{"line":54,"column":8},"end":{"line":63,"column":9}},"type":"if","locations":[{"start":{"line":54,"column":8},"end":{"line":63,"column":9}},{"start":{"line":59,"column":15},"end":{"line":63,"column":9}}],"line":54},"1":{"loc":{"start":{"line":73,"column":4},"end":{"line":77,"column":5}},"type":"if","locations":[{"start":{"line":73,"column":4},"end":{"line":77,"column":5}},{"start":{"line":75,"column":11},"end":{"line":77,"column":5}}],"line":73},"2":{"loc":{"start":{"line":83,"column":4},"end":{"line":109,"column":5}},"type":"if","locations":[{"start":{"line":83,"column":4},"end":{"line":109,"column":5}},{"start":{"line":96,"column":11},"end":{"line":109,"column":5}}],"line":83},"3":{"loc":{"start":{"line":147,"column":11},"end":{"line":153,"column":54}},"type":"cond-expr","locations":[{"start":{"line":148,"column":10},"end":{"line":150,"column":58}},{"start":{"line":151,"column":10},"end":{"line":153,"column":54}}],"line":147}},"s":{"0":5,"1":9,"2":9,"3":9,"4":9,"5":9,"6":9,"7":4,"8":4,"9":4,"10":4,"11":4,"12":0,"13":0,"14":0,"15":0,"16":0,"17":0,"18":4,"19":9,"20":0,"21":9,"22":0,"23":0,"24":0,"25":0,"26":0,"27":0,"28":0,"29":0,"30":0,"31":0,"32":0,"33":0,"34":9,"35":0,"36":0,"37":0,"38":9,"39":0,"40":0,"41":0,"42":0,"43":0,"44":0,"45":0,"46":0,"47":0,"48":0,"49":9,"50":9,"51":0,"52":9,"53":0,"54":9,"55":9,"56":0,"57":0,"58":0,"59":0,"60":0,"61":0,"62":0},"f":{"0":9,"1":4,"2":4,"3":0,"4":0,"5":0,"6":0,"7":0,"8":0,"9":0,"10":0,"11":0,"12":0,"13":0,"14":0,"15":0,"16":0,"17":0,"18":0},"b":{"0":[0,0],"1":[0,0],"2":[0,0],"3":[5,3]},"_coverageSchema":"1a1c01bbd47fc00a2c39e90264f33305004495a9","hash":"75314bfeec14ce24a3acc9f56f59803d864bc9ae"}
,"/Users/divyakumari/Documents/557-FALL2022/project---design-hw1-group_4_fhd/penn-pals/src/components/postCreation/postCreation.tsx": {"path":"/Users/divyakumari/Documents/557-FALL2022/project---design-hw1-group_4_fhd/penn-pals/src/components/postCreation/postCreation.tsx","statementMap":{"0":{"start":{"line":19,"column":12},"end":{"line":19,"column":82}},"1":{"start":{"line":21,"column":17},"end":{"line":34,"column":3}},"2":{"start":{"line":38,"column":21},"end":{"line":38,"column":34}},"3":{"start":{"line":39,"column":29},"end":{"line":39,"column":40}},"4":{"start":{"line":41,"column":48},"end":{"line":68,"column":6}},"5":{"start":{"line":71,"column":4},"end":{"line":80,"column":11}},"6":{"start":{"line":72,"column":26},"end":{"line":76,"column":9}},"7":{"start":{"line":73,"column":12},"end":{"line":75,"column":15}},"8":{"start":{"line":74,"column":16},"end":{"line":74,"column":44}},"9":{"start":{"line":78,"column":8},"end":{"line":78,"column":20}},"10":{"start":{"line":82,"column":25},"end":{"line":86,"column":5}},"11":{"start":{"line":83,"column":8},"end":{"line":85,"column":9}},"12":{"start":{"line":84,"column":12},"end":{"line":84,"column":29}},"13":{"start":{"line":88,"column":40},"end":{"line":88,"column":58}},"14":{"start":{"line":90,"column":20},"end":{"line":92,"column":5}},"15":{"start":{"line":91,"column":8},"end":{"line":91,"column":42}},"16":{"start":{"line":94,"column":34},"end":{"line":94,"column":72}},"17":{"start":{"line":95,"column":21},"end":{"line":97,"column":5}},"18":{"start":{"line":96,"column":8},"end":{"line":96,"column":34}},"19":{"start":{"line":99,"column":26},"end":{"line":124,"column":5}},"20":{"start":{"line":101,"column":8},"end":{"line":110,"column":10}},"21":{"start":{"line":112,"column":21},"end":{"line":112,"column":22}},"22":{"start":{"line":113,"column":8},"end":{"line":115,"column":9}},"23":{"start":{"line":114,"column":12},"end":{"line":114,"column":37}},"24":{"start":{"line":117,"column":23},"end":{"line":117,"column":46}},"25":{"start":{"line":118,"column":8},"end":{"line":118,"column":37}},"26":{"start":{"line":119,"column":8},"end":{"line":121,"column":10}},"27":{"start":{"line":123,"column":8},"end":{"line":123,"column":46}},"28":{"start":{"line":126,"column":32},"end":{"line":126,"column":50}},"29":{"start":{"line":129,"column":21},"end":{"line":135,"column":7}},"30":{"start":{"line":134,"column":8},"end":{"line":134,"column":40}},"31":{"start":{"line":137,"column":4},"end":{"line":269,"column":6}},"32":{"start":{"line":160,"column":34},"end":{"line":162,"column":43}},"33":{"start":{"line":160,"column":78},"end":{"line":160,"column":120}},"34":{"start":{"line":181,"column":82},"end":{"line":181,"column":120}},"35":{"start":{"line":199,"column":44},"end":{"line":213,"column":50}},"36":{"start":{"line":208,"column":52},"end":{"line":210,"column":58}}},"fnMap":{"0":{"name":"PostCreation","decl":{"start":{"line":36,"column":9},"end":{"line":36,"column":21}},"loc":{"start":{"line":36,"column":24},"end":{"line":270,"column":1}},"line":36},"1":{"name":"(anonymous_1)","decl":{"start":{"line":71,"column":20},"end":{"line":71,"column":21}},"loc":{"start":{"line":71,"column":26},"end":{"line":80,"column":5}},"line":71},"2":{"name":"(anonymous_2)","decl":{"start":{"line":72,"column":26},"end":{"line":72,"column":27}},"loc":{"start":{"line":72,"column":38},"end":{"line":76,"column":9}},"line":72},"3":{"name":"(anonymous_3)","decl":{"start":{"line":73,"column":55},"end":{"line":73,"column":56}},"loc":{"start":{"line":73,"column":62},"end":{"line":75,"column":13}},"line":73},"4":{"name":"(anonymous_4)","decl":{"start":{"line":82,"column":25},"end":{"line":82,"column":26}},"loc":{"start":{"line":82,"column":40},"end":{"line":86,"column":5}},"line":82},"5":{"name":"(anonymous_5)","decl":{"start":{"line":90,"column":20},"end":{"line":90,"column":21}},"loc":{"start":{"line":90,"column":32},"end":{"line":92,"column":5}},"line":90},"6":{"name":"(anonymous_6)","decl":{"start":{"line":95,"column":21},"end":{"line":95,"column":22}},"loc":{"start":{"line":95,"column":33},"end":{"line":97,"column":5}},"line":95},"7":{"name":"(anonymous_7)","decl":{"start":{"line":99,"column":26},"end":{"line":99,"column":27}},"loc":{"start":{"line":99,"column":44},"end":{"line":124,"column":5}},"line":99},"8":{"name":"(anonymous_8)","decl":{"start":{"line":113,"column":39},"end":{"line":113,"column":40}},"loc":{"start":{"line":114,"column":12},"end":{"line":114,"column":37}},"line":114},"9":{"name":"(anonymous_9)","decl":{"start":{"line":129,"column":21},"end":{"line":129,"column":22}},"loc":{"start":{"line":132,"column":11},"end":{"line":135,"column":7}},"line":132},"10":{"name":"(anonymous_10)","decl":{"start":{"line":159,"column":44},"end":{"line":159,"column":45}},"loc":{"start":{"line":160,"column":34},"end":{"line":162,"column":43}},"line":160},"11":{"name":"(anonymous_11)","decl":{"start":{"line":160,"column":68},"end":{"line":160,"column":69}},"loc":{"start":{"line":160,"column":78},"end":{"line":160,"column":120}},"line":160},"12":{"name":"(anonymous_12)","decl":{"start":{"line":181,"column":76},"end":{"line":181,"column":77}},"loc":{"start":{"line":181,"column":82},"end":{"line":181,"column":120}},"line":181},"13":{"name":"(anonymous_13)","decl":{"start":{"line":195,"column":41},"end":{"line":195,"column":42}},"loc":{"start":{"line":199,"column":44},"end":{"line":213,"column":50}},"line":199},"14":{"name":"(anonymous_14)","decl":{"start":{"line":207,"column":63},"end":{"line":207,"column":64}},"loc":{"start":{"line":208,"column":52},"end":{"line":210,"column":58}},"line":208}},"branchMap":{"0":{"loc":{"start":{"line":83,"column":8},"end":{"line":85,"column":9}},"type":"if","locations":[{"start":{"line":83,"column":8},"end":{"line":85,"column":9}},{"start":{},"end":{}}],"line":83}},"s":{"0":3,"1":3,"2":6,"3":5,"4":5,"5":5,"6":5,"7":5,"8":0,"9":5,"10":5,"11":0,"12":0,"13":5,"14":5,"15":0,"16":5,"17":5,"18":0,"19":5,"20":0,"21":0,"22":0,"23":0,"24":0,"25":0,"26":0,"27":0,"28":5,"29":5,"30":0,"31":5,"32":15,"33":0,"34":0,"35":5,"36":0},"f":{"0":6,"1":5,"2":5,"3":0,"4":0,"5":0,"6":0,"7":0,"8":0,"9":0,"10":15,"11":0,"12":0,"13":5,"14":0},"b":{"0":[0,0]},"_coverageSchema":"1a1c01bbd47fc00a2c39e90264f33305004495a9","hash":"f5a0abd988b70992673c407b85e05770012ca7c1"}
,"/Users/divyakumari/Documents/557-FALL2022/project---design-hw1-group_4_fhd/penn-pals/src/components/profilePost/profilePost.tsx": {"path":"/Users/divyakumari/Documents/557-FALL2022/project---design-hw1-group_4_fhd/penn-pals/src/components/profilePost/profilePost.tsx","statementMap":{"0":{"start":{"line":6,"column":12},"end":{"line":6,"column":82}},"1":{"start":{"line":9,"column":36},"end":{"line":18,"column":6}},"2":{"start":{"line":20,"column":4},"end":{"line":31,"column":11}},"3":{"start":{"line":21,"column":8},"end":{"line":28,"column":9}},"4":{"start":{"line":22,"column":30},"end":{"line":26,"column":13}},"5":{"start":{"line":23,"column":16},"end":{"line":25,"column":18}},"6":{"start":{"line":24,"column":20},"end":{"line":24,"column":41}},"7":{"start":{"line":27,"column":12},"end":{"line":27,"column":24}},"8":{"start":{"line":33,"column":4},"end":{"line":48,"column":5}},"9":{"start":{"line":34,"column":8},"end":{"line":39,"column":10}},"10":{"start":{"line":42,"column":8},"end":{"line":47,"column":10}}},"fnMap":{"0":{"name":"ProfilePost","decl":{"start":{"line":8,"column":9},"end":{"line":8,"column":20}},"loc":{"start":{"line":8,"column":37},"end":{"line":49,"column":1}},"line":8},"1":{"name":"(anonymous_1)","decl":{"start":{"line":20,"column":20},"end":{"line":20,"column":21}},"loc":{"start":{"line":20,"column":26},"end":{"line":31,"column":5}},"line":20},"2":{"name":"(anonymous_2)","decl":{"start":{"line":22,"column":30},"end":{"line":22,"column":31}},"loc":{"start":{"line":22,"column":42},"end":{"line":26,"column":13}},"line":22},"3":{"name":"(anonymous_3)","decl":{"start":{"line":23,"column":56},"end":{"line":23,"column":57}},"loc":{"start":{"line":23,"column":63},"end":{"line":25,"column":17}},"line":23}},"branchMap":{"0":{"loc":{"start":{"line":21,"column":8},"end":{"line":28,"column":9}},"type":"if","locations":[{"start":{"line":21,"column":8},"end":{"line":28,"column":9}},{"start":{},"end":{}}],"line":21},"1":{"loc":{"start":{"line":33,"column":4},"end":{"line":48,"column":5}},"type":"if","locations":[{"start":{"line":33,"column":4},"end":{"line":48,"column":5}},{"start":{"line":41,"column":9},"end":{"line":48,"column":5}}],"line":33}},"s":{"0":6,"1":28,"2":28,"3":21,"4":1,"5":1,"6":0,"7":1,"8":28,"9":0,"10":28},"f":{"0":28,"1":21,"2":1,"3":0},"b":{"0":[1,20],"1":[0,28]},"_coverageSchema":"1a1c01bbd47fc00a2c39e90264f33305004495a9","hash":"4cf203200aa3eba0abf9c171b37a7ccb97bab082"}
,"/Users/divyakumari/Documents/557-FALL2022/project---design-hw1-group_4_fhd/penn-pals/src/components/signUp/signUp.tsx": {"path":"/Users/divyakumari/Documents/557-FALL2022/project---design-hw1-group_4_fhd/penn-pals/src/components/signUp/signUp.tsx","statementMap":{"0":{"start":{"line":17,"column":14},"end":{"line":17,"column":27}},"1":{"start":{"line":20,"column":38},"end":{"line":20,"column":50}},"2":{"start":{"line":21,"column":28},"end":{"line":24,"column":5}},"3":{"start":{"line":22,"column":8},"end":{"line":22,"column":36}},"4":{"start":{"line":25,"column":36},"end":{"line":25,"column":48}},"5":{"start":{"line":26,"column":27},"end":{"line":28,"column":5}},"6":{"start":{"line":27,"column":8},"end":{"line":27,"column":35}},"7":{"start":{"line":29,"column":30},"end":{"line":29,"column":42}},"8":{"start":{"line":30,"column":24},"end":{"line":32,"column":5}},"9":{"start":{"line":31,"column":8},"end":{"line":31,"column":32}},"10":{"start":{"line":33,"column":32},"end":{"line":33,"column":44}},"11":{"start":{"line":34,"column":23},"end":{"line":36,"column":5}},"12":{"start":{"line":35,"column":8},"end":{"line":35,"column":33}},"13":{"start":{"line":37,"column":36},"end":{"line":37,"column":48}},"14":{"start":{"line":38,"column":27},"end":{"line":40,"column":5}},"15":{"start":{"line":39,"column":8},"end":{"line":39,"column":35}},"16":{"start":{"line":42,"column":19},"end":{"line":42,"column":32}},"17":{"start":{"line":43,"column":23},"end":{"line":48,"column":3}},"18":{"start":{"line":44,"column":4},"end":{"line":46,"column":7}},"19":{"start":{"line":45,"column":6},"end":{"line":45,"column":19}},"20":{"start":{"line":50,"column":2},"end":{"line":161,"column":4}}},"fnMap":{"0":{"name":"SignUp","decl":{"start":{"line":18,"column":9},"end":{"line":18,"column":15}},"loc":{"start":{"line":18,"column":17},"end":{"line":162,"column":1}},"line":18},"1":{"name":"(anonymous_1)","decl":{"start":{"line":21,"column":28},"end":{"line":21,"column":29}},"loc":{"start":{"line":21,"column":41},"end":{"line":24,"column":5}},"line":21},"2":{"name":"(anonymous_2)","decl":{"start":{"line":26,"column":27},"end":{"line":26,"column":28}},"loc":{"start":{"line":26,"column":40},"end":{"line":28,"column":5}},"line":26},"3":{"name":"(anonymous_3)","decl":{"start":{"line":30,"column":24},"end":{"line":30,"column":25}},"loc":{"start":{"line":30,"column":37},"end":{"line":32,"column":5}},"line":30},"4":{"name":"(anonymous_4)","decl":{"start":{"line":34,"column":23},"end":{"line":34,"column":24}},"loc":{"start":{"line":34,"column":36},"end":{"line":36,"column":5}},"line":34},"5":{"name":"(anonymous_5)","decl":{"start":{"line":38,"column":27},"end":{"line":38,"column":28}},"loc":{"start":{"line":38,"column":40},"end":{"line":40,"column":5}},"line":38},"6":{"name":"(anonymous_6)","decl":{"start":{"line":43,"column":23},"end":{"line":43,"column":24}},"loc":{"start":{"line":43,"column":45},"end":{"line":48,"column":3}},"line":43},"7":{"name":"(anonymous_7)","decl":{"start":{"line":44,"column":71},"end":{"line":44,"column":72}},"loc":{"start":{"line":44,"column":90},"end":{"line":46,"column":5}},"line":44}},"branchMap":{},"s":{"0":2,"1":4,"2":4,"3":0,"4":4,"5":4,"6":0,"7":4,"8":4,"9":0,"10":4,"11":4,"12":0,"13":4,"14":4,"15":0,"16":4,"17":4,"18":1,"19":0,"20":4},"f":{"0":4,"1":0,"2":0,"3":0,"4":0,"5":0,"6":1,"7":0},"b":{},"_coverageSchema":"1a1c01bbd47fc00a2c39e90264f33305004495a9","hash":"8091c6dfe5afef7deeeb5a5cd7956421d272baf8"}
,"/Users/divyakumari/Documents/557-FALL2022/project---design-hw1-group_4_fhd/penn-pals/src/components/suggestedUser/suggestedUser.tsx": {"path":"/Users/divyakumari/Documents/557-FALL2022/project---design-hw1-group_4_fhd/penn-pals/src/components/suggestedUser/suggestedUser.tsx","statementMap":{"0":{"start":{"line":10,"column":12},"end":{"line":10,"column":82}},"1":{"start":{"line":13,"column":23},"end":{"line":15,"column":5}},"2":{"start":{"line":14,"column":8},"end":{"line":14,"column":16}},"3":{"start":{"line":17,"column":38},"end":{"line":19,"column":6}},"4":{"start":{"line":21,"column":40},"end":{"line":21,"column":52}},"5":{"start":{"line":22,"column":23},"end":{"line":22,"column":57}},"6":{"start":{"line":23,"column":30},"end":{"line":23,"column":56}},"7":{"start":{"line":24,"column":28},"end":{"line":24,"column":54}},"8":{"start":{"line":25,"column":4},"end":{"line":44,"column":11}},"9":{"start":{"line":27,"column":26},"end":{"line":41,"column":9}},"10":{"start":{"line":28,"column":31},"end":{"line":28,"column":57}},"11":{"start":{"line":29,"column":12},"end":{"line":40,"column":15}},"12":{"start":{"line":30,"column":16},"end":{"line":39,"column":17}},"13":{"start":{"line":30,"column":29},"end":{"line":30,"column":30}},"14":{"start":{"line":31,"column":20},"end":{"line":37,"column":21}},"15":{"start":{"line":32,"column":24},"end":{"line":36,"column":25}},"16":{"start":{"line":32,"column":36},"end":{"line":32,"column":37}},"17":{"start":{"line":33,"column":28},"end":{"line":35,"column":33}},"18":{"start":{"line":34,"column":32},"end":{"line":34,"column":101}},"19":{"start":{"line":38,"column":20},"end":{"line":38,"column":55}},"20":{"start":{"line":42,"column":8},"end":{"line":42,"column":19}},"21":{"start":{"line":45,"column":22},"end":{"line":66,"column":5}},"22":{"start":{"line":46,"column":8},"end":{"line":65,"column":15}},"23":{"start":{"line":68,"column":21},"end":{"line":68,"column":34}},"24":{"start":{"line":69,"column":20},"end":{"line":79,"column":7}},"25":{"start":{"line":70,"column":8},"end":{"line":78,"column":11}},"26":{"start":{"line":71,"column":10},"end":{"line":77,"column":11}},"27":{"start":{"line":71,"column":23},"end":{"line":71,"column":24}},"28":{"start":{"line":73,"column":24},"end":{"line":73,"column":74}},"29":{"start":{"line":74,"column":14},"end":{"line":76,"column":15}},"30":{"start":{"line":75,"column":16},"end":{"line":75,"column":75}},"31":{"start":{"line":80,"column":19},"end":{"line":80,"column":43}},"32":{"start":{"line":81,"column":44},"end":{"line":81,"column":68}},"33":{"start":{"line":82,"column":27},"end":{"line":112,"column":2}},"34":{"start":{"line":83,"column":8},"end":{"line":110,"column":5}},"35":{"start":{"line":84,"column":20},"end":{"line":84,"column":21}},"36":{"start":{"line":85,"column":8},"end":{"line":99,"column":11}},"37":{"start":{"line":86,"column":12},"end":{"line":98,"column":13}},"38":{"start":{"line":88,"column":26},"end":{"line":88,"column":76}},"39":{"start":{"line":89,"column":16},"end":{"line":97,"column":17}},"40":{"start":{"line":90,"column":20},"end":{"line":90,"column":63}},"41":{"start":{"line":91,"column":20},"end":{"line":91,"column":70}},"42":{"start":{"line":92,"column":20},"end":{"line":92,"column":66}},"43":{"start":{"line":94,"column":20},"end":{"line":94,"column":69}},"44":{"start":{"line":96,"column":20},"end":{"line":96,"column":25}},"45":{"start":{"line":100,"column":16},"end":{"line":102,"column":18}},"46":{"start":{"line":103,"column":16},"end":{"line":105,"column":18}},"47":{"start":{"line":106,"column":16},"end":{"line":106,"column":66}},"48":{"start":{"line":108,"column":10},"end":{"line":108,"column":37}},"49":{"start":{"line":113,"column":2},"end":{"line":156,"column":4}},"50":{"start":{"line":127,"column":28},"end":{"line":151,"column":34}},"51":{"start":{"line":146,"column":52},"end":{"line":146,"column":62}},"52":{"start":{"line":149,"column":67},"end":{"line":149,"column":82}}},"fnMap":{"0":{"name":"SuggestedUser","decl":{"start":{"line":12,"column":9},"end":{"line":12,"column":22}},"loc":{"start":{"line":12,"column":45},"end":{"line":157,"column":1}},"line":12},"1":{"name":"(anonymous_1)","decl":{"start":{"line":13,"column":23},"end":{"line":13,"column":24}},"loc":{"start":{"line":13,"column":52},"end":{"line":15,"column":5}},"line":13},"2":{"name":"(anonymous_2)","decl":{"start":{"line":25,"column":20},"end":{"line":25,"column":21}},"loc":{"start":{"line":25,"column":26},"end":{"line":44,"column":5}},"line":25},"3":{"name":"(anonymous_3)","decl":{"start":{"line":27,"column":26},"end":{"line":27,"column":27}},"loc":{"start":{"line":27,"column":38},"end":{"line":41,"column":9}},"line":27},"4":{"name":"(anonymous_4)","decl":{"start":{"line":29,"column":40},"end":{"line":29,"column":41}},"loc":{"start":{"line":29,"column":46},"end":{"line":40,"column":13}},"line":29},"5":{"name":"(anonymous_5)","decl":{"start":{"line":45,"column":22},"end":{"line":45,"column":23}},"loc":{"start":{"line":46,"column":8},"end":{"line":65,"column":15}},"line":46},"6":{"name":"(anonymous_6)","decl":{"start":{"line":52,"column":21},"end":{"line":52,"column":22}},"loc":{"start":{"line":52,"column":27},"end":{"line":54,"column":13}},"line":52},"7":{"name":"(anonymous_7)","decl":{"start":{"line":69,"column":20},"end":{"line":69,"column":21}},"loc":{"start":{"line":69,"column":45},"end":{"line":79,"column":7}},"line":69},"8":{"name":"(anonymous_8)","decl":{"start":{"line":70,"column":36},"end":{"line":70,"column":37}},"loc":{"start":{"line":70,"column":43},"end":{"line":78,"column":9}},"line":70},"9":{"name":"(anonymous_9)","decl":{"start":{"line":82,"column":27},"end":{"line":82,"column":28}},"loc":{"start":{"line":82,"column":51},"end":{"line":112,"column":2}},"line":82},"10":{"name":"(anonymous_10)","decl":{"start":{"line":85,"column":36},"end":{"line":85,"column":37}},"loc":{"start":{"line":85,"column":43},"end":{"line":99,"column":9}},"line":85},"11":{"name":"(anonymous_11)","decl":{"start":{"line":126,"column":42},"end":{"line":126,"column":43}},"loc":{"start":{"line":127,"column":28},"end":{"line":151,"column":34}},"line":127},"12":{"name":"(anonymous_12)","decl":{"start":{"line":146,"column":45},"end":{"line":146,"column":46}},"loc":{"start":{"line":146,"column":52},"end":{"line":146,"column":62}},"line":146},"13":{"name":"(anonymous_13)","decl":{"start":{"line":149,"column":60},"end":{"line":149,"column":61}},"loc":{"start":{"line":149,"column":67},"end":{"line":149,"column":82}},"line":149}},"branchMap":{"0":{"loc":{"start":{"line":31,"column":20},"end":{"line":37,"column":21}},"type":"if","locations":[{"start":{"line":31,"column":20},"end":{"line":37,"column":21}},{"start":{},"end":{}}],"line":31},"1":{"loc":{"start":{"line":33,"column":28},"end":{"line":35,"column":33}},"type":"if","locations":[{"start":{"line":33,"column":28},"end":{"line":35,"column":33}},{"start":{},"end":{}}],"line":33},"2":{"loc":{"start":{"line":33,"column":31},"end":{"line":33,"column":128}},"type":"binary-expr","locations":[{"start":{"line":33,"column":32},"end":{"line":33,"column":88}},{"start":{"line":33,"column":94},"end":{"line":33,"column":127}}],"line":33},"3":{"loc":{"start":{"line":74,"column":14},"end":{"line":76,"column":15}},"type":"if","locations":[{"start":{"line":74,"column":14},"end":{"line":76,"column":15}},{"start":{},"end":{}}],"line":74},"4":{"loc":{"start":{"line":83,"column":8},"end":{"line":110,"column":5}},"type":"if","locations":[{"start":{"line":83,"column":8},"end":{"line":110,"column":5}},{"start":{},"end":{}}],"line":83},"5":{"loc":{"start":{"line":89,"column":16},"end":{"line":97,"column":17}},"type":"if","locations":[{"start":{"line":89,"column":16},"end":{"line":97,"column":17}},{"start":{},"end":{}}],"line":89}},"s":{"0":6,"1":7,"2":7,"3":7,"4":7,"5":7,"6":7,"7":7,"8":7,"9":5,"10":5,"11":5,"12":0,"13":0,"14":0,"15":0,"16":0,"17":0,"18":0,"19":0,"20":5,"21":7,"22":7,"23":7,"24":7,"25":0,"26":0,"27":0,"28":0,"29":0,"30":0,"31":7,"32":7,"33":7,"34":0,"35":0,"36":0,"37":0,"38":0,"39":0,"40":0,"41":0,"42":0,"43":0,"44":0,"45":0,"46":0,"47":0,"48":0,"49":7,"50":7,"51":0,"52":0},"f":{"0":7,"1":7,"2":5,"3":5,"4":0,"5":7,"6":0,"7":0,"8":0,"9":0,"10":0,"11":7,"12":0,"13":0},"b":{"0":[0,0],"1":[0,0],"2":[0,0],"3":[0,0],"4":[0,0],"5":[0,0]},"_coverageSchema":"1a1c01bbd47fc00a2c39e90264f33305004495a9","hash":"071c9ed48cc600564b3fe9879afb60ada2df3bc6"}
,"/Users/divyakumari/Documents/557-FALL2022/project---design-hw1-group_4_fhd/penn-pals/src/components/userProfile/userProfile.tsx": {"path":"/Users/divyakumari/Documents/557-FALL2022/project---design-hw1-group_4_fhd/penn-pals/src/components/userProfile/userProfile.tsx","statementMap":{"0":{"start":{"line":18,"column":12},"end":{"line":18,"column":82}},"1":{"start":{"line":20,"column":17},"end":{"line":33,"column":3}},"2":{"start":{"line":36,"column":21},"end":{"line":36,"column":34}},"3":{"start":{"line":37,"column":29},"end":{"line":37,"column":40}},"4":{"start":{"line":39,"column":36},"end":{"line":66,"column":6}},"5":{"start":{"line":68,"column":4},"end":{"line":77,"column":11}},"6":{"start":{"line":69,"column":26},"end":{"line":73,"column":9}},"7":{"start":{"line":70,"column":12},"end":{"line":72,"column":15}},"8":{"start":{"line":71,"column":16},"end":{"line":71,"column":38}},"9":{"start":{"line":75,"column":8},"end":{"line":75,"column":20}},"10":{"start":{"line":79,"column":25},"end":{"line":85,"column":5}},"11":{"start":{"line":80,"column":8},"end":{"line":84,"column":9}},"12":{"start":{"line":81,"column":12},"end":{"line":81,"column":45}},"13":{"start":{"line":82,"column":15},"end":{"line":84,"column":9}},"14":{"start":{"line":83,"column":12},"end":{"line":83,"column":38}},"15":{"start":{"line":87,"column":27},"end":{"line":100,"column":6}},"16":{"start":{"line":102,"column":22},"end":{"line":102,"column":24}},"17":{"start":{"line":103,"column":4},"end":{"line":105,"column":5}},"18":{"start":{"line":103,"column":16},"end":{"line":103,"column":17}},"19":{"start":{"line":104,"column":8},"end":{"line":104,"column":76}},"20":{"start":{"line":112,"column":4},"end":{"line":240,"column":6}},"21":{"start":{"line":127,"column":34},"end":{"line":129,"column":43}},"22":{"start":{"line":127,"column":78},"end":{"line":127,"column":120}},"23":{"start":{"line":161,"column":53},"end":{"line":161,"column":89}},"24":{"start":{"line":225,"column":28},"end":{"line":230,"column":30}}},"fnMap":{"0":{"name":"UserProfile","decl":{"start":{"line":35,"column":9},"end":{"line":35,"column":20}},"loc":{"start":{"line":35,"column":23},"end":{"line":241,"column":1}},"line":35},"1":{"name":"(anonymous_1)","decl":{"start":{"line":68,"column":20},"end":{"line":68,"column":21}},"loc":{"start":{"line":68,"column":26},"end":{"line":77,"column":5}},"line":68},"2":{"name":"(anonymous_2)","decl":{"start":{"line":69,"column":26},"end":{"line":69,"column":27}},"loc":{"start":{"line":69,"column":38},"end":{"line":73,"column":9}},"line":69},"3":{"name":"(anonymous_3)","decl":{"start":{"line":70,"column":55},"end":{"line":70,"column":56}},"loc":{"start":{"line":70,"column":62},"end":{"line":72,"column":13}},"line":70},"4":{"name":"(anonymous_4)","decl":{"start":{"line":79,"column":25},"end":{"line":79,"column":26}},"loc":{"start":{"line":79,"column":46},"end":{"line":85,"column":5}},"line":79},"5":{"name":"(anonymous_5)","decl":{"start":{"line":126,"column":44},"end":{"line":126,"column":45}},"loc":{"start":{"line":127,"column":34},"end":{"line":129,"column":43}},"line":127},"6":{"name":"(anonymous_6)","decl":{"start":{"line":127,"column":68},"end":{"line":127,"column":69}},"loc":{"start":{"line":127,"column":78},"end":{"line":127,"column":120}},"line":127},"7":{"name":"(anonymous_7)","decl":{"start":{"line":161,"column":47},"end":{"line":161,"column":48}},"loc":{"start":{"line":161,"column":53},"end":{"line":161,"column":89}},"line":161},"8":{"name":"(anonymous_8)","decl":{"start":{"line":224,"column":46},"end":{"line":224,"column":47}},"loc":{"start":{"line":225,"column":28},"end":{"line":230,"column":30}},"line":225}},"branchMap":{"0":{"loc":{"start":{"line":80,"column":8},"end":{"line":84,"column":9}},"type":"if","locations":[{"start":{"line":80,"column":8},"end":{"line":84,"column":9}},{"start":{"line":82,"column":15},"end":{"line":84,"column":9}}],"line":80},"1":{"loc":{"start":{"line":82,"column":15},"end":{"line":84,"column":9}},"type":"if","locations":[{"start":{"line":82,"column":15},"end":{"line":84,"column":9}},{"start":{},"end":{}}],"line":82}},"s":{"0":2,"1":2,"2":8,"3":7,"4":7,"5":7,"6":5,"7":5,"8":0,"9":5,"10":7,"11":1,"12":0,"13":1,"14":0,"15":7,"16":7,"17":7,"18":7,"19":0,"20":7,"21":21,"22":1,"23":1,"24":14},"f":{"0":8,"1":5,"2":5,"3":0,"4":1,"5":21,"6":1,"7":1,"8":14},"b":{"0":[0,1],"1":[0,1]},"_coverageSchema":"1a1c01bbd47fc00a2c39e90264f33305004495a9","hash":"1e96870d9abbc5aa8a8f66c17d7fe5a07cfbbcee"}
,"/Users/divyakumari/Documents/557-FALL2022/project---design-hw1-group_4_fhd/penn-pals/src/service/contactDB.tsx": {"path":"/Users/divyakumari/Documents/557-FALL2022/project---design-hw1-group_4_fhd/penn-pals/src/service/contactDB.tsx","statementMap":{"0":{"start":{"line":5,"column":15},"end":{"line":5,"column":60}},"1":{"start":{"line":6,"column":12},"end":{"line":6,"column":44}},"2":{"start":{"line":8,"column":27},"end":{"line":12,"column":1}},"3":{"start":{"line":9,"column":23},"end":{"line":9,"column":25}},"4":{"start":{"line":10,"column":4},"end":{"line":10,"column":61}},"5":{"start":{"line":10,"column":39},"end":{"line":10,"column":58}},"6":{"start":{"line":11,"column":4},"end":{"line":11,"column":19}},"7":{"start":{"line":14,"column":23},"end":{"line":18,"column":1}},"8":{"start":{"line":15,"column":15},"end":{"line":15,"column":17}},"9":{"start":{"line":16,"column":4},"end":{"line":16,"column":70}},"10":{"start":{"line":16,"column":52},"end":{"line":16,"column":67}},"11":{"start":{"line":17,"column":4},"end":{"line":17,"column":15}},"12":{"start":{"line":20,"column":27},"end":{"line":24,"column":1}},"13":{"start":{"line":21,"column":23},"end":{"line":21,"column":25}},"14":{"start":{"line":22,"column":4},"end":{"line":22,"column":64}},"15":{"start":{"line":22,"column":42},"end":{"line":22,"column":61}},"16":{"start":{"line":23,"column":4},"end":{"line":23,"column":19}},"17":{"start":{"line":26,"column":23},"end":{"line":57,"column":1}},"18":{"start":{"line":27,"column":15},"end":{"line":54,"column":5}},"19":{"start":{"line":55,"column":4},"end":{"line":55,"column":67}},"20":{"start":{"line":55,"column":49},"end":{"line":55,"column":64}},"21":{"start":{"line":56,"column":4},"end":{"line":56,"column":15}},"22":{"start":{"line":59,"column":31},"end":{"line":63,"column":1}},"23":{"start":{"line":60,"column":4},"end":{"line":62,"column":7}},"24":{"start":{"line":65,"column":32},"end":{"line":69,"column":1}},"25":{"start":{"line":66,"column":4},"end":{"line":68,"column":7}},"26":{"start":{"line":71,"column":27},"end":{"line":75,"column":1}},"27":{"start":{"line":72,"column":4},"end":{"line":74,"column":7}},"28":{"start":{"line":77,"column":23},"end":{"line":79,"column":1}},"29":{"start":{"line":78,"column":4},"end":{"line":78,"column":82}},"30":{"start":{"line":78,"column":64},"end":{"line":78,"column":79}},"31":{"start":{"line":81,"column":23},"end":{"line":92,"column":1}},"32":{"start":{"line":82,"column":4},"end":{"line":91,"column":11}},"33":{"start":{"line":90,"column":12},"end":{"line":90,"column":28}},"34":{"start":{"line":94,"column":28},"end":{"line":94,"column":42}}},"fnMap":{"0":{"name":"(anonymous_0)","decl":{"start":{"line":8,"column":27},"end":{"line":8,"column":28}},"loc":{"start":{"line":8,"column":39},"end":{"line":12,"column":1}},"line":8},"1":{"name":"(anonymous_1)","decl":{"start":{"line":10,"column":32},"end":{"line":10,"column":33}},"loc":{"start":{"line":10,"column":39},"end":{"line":10,"column":58}},"line":10},"2":{"name":"(anonymous_2)","decl":{"start":{"line":14,"column":23},"end":{"line":14,"column":24}},"loc":{"start":{"line":14,"column":48},"end":{"line":18,"column":1}},"line":14},"3":{"name":"(anonymous_3)","decl":{"start":{"line":16,"column":45},"end":{"line":16,"column":46}},"loc":{"start":{"line":16,"column":52},"end":{"line":16,"column":67}},"line":16},"4":{"name":"(anonymous_4)","decl":{"start":{"line":20,"column":27},"end":{"line":20,"column":28}},"loc":{"start":{"line":20,"column":39},"end":{"line":24,"column":1}},"line":20},"5":{"name":"(anonymous_5)","decl":{"start":{"line":22,"column":35},"end":{"line":22,"column":36}},"loc":{"start":{"line":22,"column":42},"end":{"line":22,"column":61}},"line":22},"6":{"name":"(anonymous_6)","decl":{"start":{"line":26,"column":23},"end":{"line":26,"column":24}},"loc":{"start":{"line":26,"column":48},"end":{"line":57,"column":1}},"line":26},"7":{"name":"(anonymous_7)","decl":{"start":{"line":55,"column":42},"end":{"line":55,"column":43}},"loc":{"start":{"line":55,"column":49},"end":{"line":55,"column":64}},"line":55},"8":{"name":"(anonymous_8)","decl":{"start":{"line":59,"column":31},"end":{"line":59,"column":32}},"loc":{"start":{"line":59,"column":70},"end":{"line":63,"column":1}},"line":59},"9":{"name":"(anonymous_9)","decl":{"start":{"line":65,"column":32},"end":{"line":65,"column":33}},"loc":{"start":{"line":65,"column":71},"end":{"line":69,"column":1}},"line":65},"10":{"name":"(anonymous_10)","decl":{"start":{"line":71,"column":27},"end":{"line":71,"column":28}},"loc":{"start":{"line":71,"column":62},"end":{"line":75,"column":1}},"line":71},"11":{"name":"(anonymous_11)","decl":{"start":{"line":77,"column":23},"end":{"line":77,"column":24}},"loc":{"start":{"line":77,"column":46},"end":{"line":79,"column":1}},"line":77},"12":{"name":"(anonymous_12)","decl":{"start":{"line":78,"column":44},"end":{"line":78,"column":45}},"loc":{"start":{"line":78,"column":63},"end":{"line":78,"column":80}},"line":78},"13":{"name":"(anonymous_13)","decl":{"start":{"line":81,"column":23},"end":{"line":81,"column":24}},"loc":{"start":{"line":81,"column":86},"end":{"line":92,"column":1}},"line":81},"14":{"name":"(anonymous_14)","decl":{"start":{"line":89,"column":14},"end":{"line":89,"column":15}},"loc":{"start":{"line":89,"column":28},"end":{"line":91,"column":9}},"line":89},"15":{"name":"(anonymous_15)","decl":{"start":{"line":94,"column":28},"end":{"line":94,"column":29}},"loc":{"start":{"line":94,"column":40},"end":{"line":94,"column":42}},"line":94}},"branchMap":{},"s":{"0":7,"1":7,"2":7,"3":1,"4":1,"5":0,"6":0,"7":7,"8":0,"9":0,"10":0,"11":0,"12":7,"13":3,"14":3,"15":0,"16":0,"17":7,"18":0,"19":0,"20":0,"21":0,"22":7,"23":0,"24":7,"25":0,"26":7,"27":0,"28":7,"29":0,"30":0,"31":7,"32":1,"33":0,"34":7},"f":{"0":1,"1":0,"2":0,"3":0,"4":3,"5":0,"6":0,"7":0,"8":0,"9":0,"10":0,"11":0,"12":0,"13":1,"14":0,"15":0},"b":{},"_coverageSchema":"1a1c01bbd47fc00a2c39e90264f33305004495a9","hash":"203f781e7af430e85921bef8baca33d746cd65ec"}
}
