TN:
SF:src/App.tsx
FN:13,App
FNF:1
FNH:1
FNDA:1,App
DA:15,1
LF:1
LH:1
BRF:0
BRH:0
end_of_record
TN:
SF:src/index.tsx
FNF:0
FNH:0
DA:8,0
DA:11,0
DA:17,0
LF:3
LH:0
BRF:0
BRH:0
end_of_record
TN:
SF:src/reportWebVitals.ts
FN:3,(anonymous_0)
FN:5,(anonymous_1)
FNF:2
FNH:0
FNDA:0,(anonymous_0)
FNDA:0,(anonymous_1)
DA:3,0
DA:4,0
DA:5,0
DA:6,0
DA:7,0
DA:8,0
DA:9,0
DA:10,0
LF:8
LH:0
BRDA:4,0,0,0
BRDA:4,0,1,0
BRDA:4,1,0,0
BRDA:4,1,1,0
BRF:4
BRH:0
end_of_record
TN:
SF:src/components/activityFeed/activityFeed.tsx
FN:18,ActivityFeed
FN:36,(anonymous_1)
FN:37,(anonymous_2)
FN:38,(anonymous_3)
FN:45,(anonymous_4)
FN:51,(anonymous_5)
FN:72,(anonymous_6)
FN:73,(anonymous_7)
FNF:8
FNH:7
FNDA:4,ActivityFeed
FNDA:3,(anonymous_1)
FNDA:3,(anonymous_2)
FNDA:0,(anonymous_3)
FNDA:1,(anonymous_4)
FNDA:4,(anonymous_5)
FNDA:12,(anonymous_6)
FNDA:1,(anonymous_7)
DA:16,5
DA:22,4
DA:23,4
DA:24,4
DA:36,4
DA:37,3
DA:38,3
DA:40,3
DA:43,4
DA:45,4
DA:46,1
DA:47,0
DA:51,4
DA:52,4
DA:58,4
DA:73,12
LF:16
LH:15
BRDA:46,0,0,0
BRDA:46,0,1,1
BRF:2
BRH:1
end_of_record
TN:
SF:src/components/forgotPassword/forgotPassword.tsx
FN:18,(anonymous_0)
FN:19,(anonymous_1)
FN:24,(anonymous_2)
FNF:3
FNH:3
FNDA:5,(anonymous_0)
FNDA:1,(anonymous_1)
FNDA:1,(anonymous_2)
DA:16,2
DA:18,2
DA:19,5
DA:20,1
DA:23,5
DA:24,5
DA:25,1
DA:28,5
LF:8
LH:8
BRF:0
BRH:0
end_of_record
TN:
SF:src/components/loginPage/loginPage.tsx
FN:19,LoginPage
FN:24,(anonymous_1)
FN:28,(anonymous_2)
FN:32,(anonymous_3)
FN:33,(anonymous_4)
FNF:5
FNH:2
FNDA:6,LoginPage
FNDA:0,(anonymous_1)
FNDA:0,(anonymous_2)
FNDA:1,(anonymous_3)
FNDA:0,(anonymous_4)
DA:17,3
DA:21,6
DA:23,6
DA:24,6
DA:25,0
DA:27,6
DA:28,6
DA:29,0
DA:32,6
DA:33,1
DA:34,0
DA:35,0
DA:36,0
DA:37,0
DA:38,0
DA:41,0
DA:42,0
DA:43,0
DA:44,0
DA:52,6
LF:20
LH:9
BRDA:35,0,0,0
BRDA:35,0,1,0
BRDA:36,1,0,0
BRDA:36,1,1,0
BRDA:41,2,0,0
BRDA:41,2,1,0
BRDA:42,3,0,0
BRDA:42,3,1,0
BRF:8
BRH:0
end_of_record
TN:
SF:src/components/otherUserProfile/otherUserProfile.tsx
FN:35,OtherUserProfile
FN:102,(anonymous_1)
FN:103,(anonymous_2)
FN:104,(anonymous_3)
FN:110,(anonymous_4)
FN:127,(anonymous_5)
FN:171,(anonymous_6)
FN:194,(anonymous_7)
FN:212,(anonymous_8)
FN:213,(anonymous_9)
FN:309,(anonymous_10)
FNF:11
FNH:7
FNDA:7,OtherUserProfile
FNDA:5,(anonymous_1)
FNDA:5,(anonymous_2)
FNDA:0,(anonymous_3)
FNDA:0,(anonymous_4)
FNDA:0,(anonymous_5)
FNDA:1,(anonymous_6)
FNDA:0,(anonymous_7)
FNDA:18,(anonymous_8)
FNDA:1,(anonymous_9)
FNDA:12,(anonymous_10)
DA:18,5
DA:20,5
DA:37,7
DA:38,6
DA:39,6
DA:41,6
DA:70,6
DA:99,6
DA:100,6
DA:101,6
DA:102,6
DA:103,5
DA:104,5
DA:105,0
DA:107,0
DA:110,0
DA:111,0
DA:113,0
DA:115,0
DA:116,0
DA:119,0
DA:124,5
DA:127,6
DA:129,0
DA:131,0
DA:132,0
DA:133,0
DA:134,0
DA:139,0
DA:143,0
DA:147,0
DA:151,0
DA:152,0
DA:153,0
DA:154,0
DA:159,0
DA:163,0
DA:167,0
DA:171,6
DA:172,1
DA:173,0
DA:174,1
DA:175,0
DA:179,6
DA:194,6
DA:195,0
DA:198,6
DA:213,18
DA:310,12
LF:49
LH:23
BRDA:115,0,0,0
BRDA:115,0,1,0
BRDA:129,1,0,0
BRDA:129,1,1,0
BRDA:172,2,0,0
BRDA:172,2,1,1
BRDA:174,3,0,0
BRDA:174,3,1,1
BRF:8
BRH:2
end_of_record
TN:
SF:src/components/post/post.tsx
FN:13,Post
FN:23,(anonymous_1)
FN:27,(anonymous_2)
FN:28,(anonymous_3)
FN:32,(anonymous_4)
FN:37,(anonymous_5)
FN:47,(anonymous_6)
FN:51,(anonymous_7)
FN:72,(anonymous_8)
FN:80,(anonymous_9)
FN:114,(anonymous_10)
FN:118,(anonymous_11)
FN:145,(anonymous_12)
FN:150,(anonymous_13)
FN:153,(anonymous_14)
FN:174,(anonymous_15)
FN:197,(anonymous_16)
FN:204,(anonymous_17)
FN:215,(anonymous_18)
FNF:19
FNH:3
FNDA:9,Post
FNDA:4,(anonymous_1)
FNDA:4,(anonymous_2)
FNDA:0,(anonymous_3)
FNDA:0,(anonymous_4)
FNDA:0,(anonymous_5)
FNDA:0,(anonymous_6)
FNDA:0,(anonymous_7)
FNDA:0,(anonymous_8)
FNDA:0,(anonymous_9)
FNDA:0,(anonymous_10)
FNDA:0,(anonymous_11)
FNDA:0,(anonymous_12)
FNDA:0,(anonymous_13)
FNDA:0,(anonymous_14)
FNDA:0,(anonymous_15)
FNDA:0,(anonymous_16)
FNDA:0,(anonymous_17)
FNDA:0,(anonymous_18)
DA:11,5
DA:15,9
DA:17,9
DA:19,9
DA:20,9
DA:21,9
DA:23,9
DA:24,4
DA:25,4
DA:26,4
DA:27,4
DA:28,4
DA:29,0
DA:32,0
DA:37,0
DA:38,0
DA:39,0
DA:43,4
DA:47,9
DA:48,0
DA:51,9
DA:52,0
DA:53,0
DA:54,0
DA:55,0
DA:56,0
DA:57,0
DA:58,0
DA:60,0
DA:61,0
DA:62,0
DA:65,0
DA:68,0
DA:72,9
DA:73,0
DA:74,0
DA:76,0
DA:80,9
DA:81,0
DA:83,0
DA:84,0
DA:85,0
DA:90,0
DA:92,0
DA:97,0
DA:98,0
DA:103,0
DA:105,0
DA:112,9
DA:114,9
DA:115,0
DA:118,9
DA:119,0
DA:122,9
DA:137,9
DA:145,0
DA:150,0
DA:153,0
DA:175,0
DA:197,0
DA:204,0
DA:215,0
LF:62
LH:22
BRDA:54,0,0,0
BRDA:54,0,1,0
BRDA:73,1,0,0
BRDA:73,1,1,0
BRDA:83,2,0,0
BRDA:83,2,1,0
BRDA:147,3,0,5
BRDA:147,3,1,3
BRF:8
BRH:2
end_of_record
TN:
SF:src/components/postCreation/postCreation.tsx
FN:36,PostCreation
FN:71,(anonymous_1)
FN:72,(anonymous_2)
FN:73,(anonymous_3)
FN:82,(anonymous_4)
FN:90,(anonymous_5)
FN:95,(anonymous_6)
FN:99,(anonymous_7)
FN:113,(anonymous_8)
FN:129,(anonymous_9)
FN:159,(anonymous_10)
FN:160,(anonymous_11)
FN:181,(anonymous_12)
FN:195,(anonymous_13)
FN:207,(anonymous_14)
FNF:15
FNH:5
FNDA:6,PostCreation
FNDA:5,(anonymous_1)
FNDA:5,(anonymous_2)
FNDA:0,(anonymous_3)
FNDA:0,(anonymous_4)
FNDA:0,(anonymous_5)
FNDA:0,(anonymous_6)
FNDA:0,(anonymous_7)
FNDA:0,(anonymous_8)
FNDA:0,(anonymous_9)
FNDA:15,(anonymous_10)
FNDA:0,(anonymous_11)
FNDA:0,(anonymous_12)
FNDA:5,(anonymous_13)
FNDA:0,(anonymous_14)
DA:19,3
DA:21,3
DA:38,6
DA:39,5
DA:41,5
DA:71,5
DA:72,5
DA:73,5
DA:74,0
DA:78,5
DA:82,5
DA:83,0
DA:84,0
DA:88,5
DA:90,5
DA:91,0
DA:94,5
DA:95,5
DA:96,0
DA:99,5
DA:101,0
DA:112,0
DA:113,0
DA:114,0
DA:117,0
DA:118,0
DA:119,0
DA:123,0
DA:126,5
DA:129,5
DA:134,0
DA:137,5
DA:160,15
DA:181,0
DA:199,5
DA:208,0
LF:36
LH:20
BRDA:83,0,0,0
BRDA:83,0,1,0
BRF:2
BRH:0
end_of_record
TN:
SF:src/components/profilePost/profilePost.tsx
FN:8,ProfilePost
FN:20,(anonymous_1)
FN:22,(anonymous_2)
FN:23,(anonymous_3)
FNF:4
FNH:3
FNDA:28,ProfilePost
FNDA:21,(anonymous_1)
FNDA:1,(anonymous_2)
FNDA:0,(anonymous_3)
DA:6,6
DA:9,28
DA:20,28
DA:21,21
DA:22,1
DA:23,1
DA:24,0
DA:27,1
DA:33,28
DA:34,0
DA:42,28
LF:11
LH:9
BRDA:21,0,0,1
BRDA:21,0,1,20
BRDA:33,1,0,0
BRDA:33,1,1,28
BRF:4
BRH:3
end_of_record
TN:
SF:src/components/signUp/signUp.tsx
FN:18,SignUp
FN:21,(anonymous_1)
FN:26,(anonymous_2)
FN:30,(anonymous_3)
FN:34,(anonymous_4)
FN:38,(anonymous_5)
FN:43,(anonymous_6)
FN:44,(anonymous_7)
FNF:8
FNH:2
FNDA:4,SignUp
FNDA:0,(anonymous_1)
FNDA:0,(anonymous_2)
FNDA:0,(anonymous_3)
FNDA:0,(anonymous_4)
FNDA:0,(anonymous_5)
FNDA:1,(anonymous_6)
FNDA:0,(anonymous_7)
DA:17,2
DA:20,4
DA:21,4
DA:22,0
DA:25,4
DA:26,4
DA:27,0
DA:29,4
DA:30,4
DA:31,0
DA:33,4
DA:34,4
DA:35,0
DA:37,4
DA:38,4
DA:39,0
DA:42,4
DA:43,4
DA:44,1
DA:45,0
DA:50,4
LF:21
LH:15
BRF:0
BRH:0
end_of_record
TN:
SF:src/components/suggestedUser/suggestedUser.tsx
FN:12,SuggestedUser
FN:13,(anonymous_1)
FN:25,(anonymous_2)
FN:27,(anonymous_3)
FN:29,(anonymous_4)
FN:45,(anonymous_5)
FN:52,(anonymous_6)
FN:69,(anonymous_7)
FN:70,(anonymous_8)
FN:82,(anonymous_9)
FN:85,(anonymous_10)
FN:126,(anonymous_11)
FN:146,(anonymous_12)
FN:149,(anonymous_13)
FNF:14
FNH:6
FNDA:7,SuggestedUser
FNDA:7,(anonymous_1)
FNDA:5,(anonymous_2)
FNDA:5,(anonymous_3)
FNDA:0,(anonymous_4)
FNDA:7,(anonymous_5)
FNDA:0,(anonymous_6)
FNDA:0,(anonymous_7)
FNDA:0,(anonymous_8)
FNDA:0,(anonymous_9)
FNDA:0,(anonymous_10)
FNDA:7,(anonymous_11)
FNDA:0,(anonymous_12)
FNDA:0,(anonymous_13)
DA:10,6
DA:13,7
DA:14,7
DA:17,7
DA:21,7
DA:22,7
DA:23,7
DA:24,7
DA:25,7
DA:27,5
DA:28,5
DA:29,5
DA:30,0
DA:31,0
DA:32,0
DA:33,0
DA:34,0
DA:38,0
DA:42,5
DA:45,7
DA:46,7
DA:68,7
DA:69,7
DA:70,0
DA:71,0
DA:73,0
DA:74,0
DA:75,0
DA:80,7
DA:81,7
DA:82,7
DA:83,0
DA:84,0
DA:85,0
DA:86,0
DA:88,0
DA:89,0
DA:90,0
DA:91,0
DA:92,0
DA:94,0
DA:96,0
DA:100,0
DA:103,0
DA:106,0
DA:108,0
DA:113,7
DA:127,7
DA:146,0
DA:149,0
LF:50
LH:22
BRDA:31,0,0,0
BRDA:31,0,1,0
BRDA:33,1,0,0
BRDA:33,1,1,0
BRDA:33,2,0,0
BRDA:33,2,1,0
BRDA:74,3,0,0
BRDA:74,3,1,0
BRDA:83,4,0,0
BRDA:83,4,1,0
BRDA:89,5,0,0
BRDA:89,5,1,0
BRF:12
BRH:0
end_of_record
TN:
SF:src/components/userProfile/userProfile.tsx
FN:35,UserProfile
FN:68,(anonymous_1)
FN:69,(anonymous_2)
FN:70,(anonymous_3)
FN:79,(anonymous_4)
FN:126,(anonymous_5)
FN:127,(anonymous_6)
FN:161,(anonymous_7)
FN:224,(anonymous_8)
FNF:9
FNH:8
FNDA:8,UserProfile
FNDA:5,(anonymous_1)
FNDA:5,(anonymous_2)
FNDA:0,(anonymous_3)
FNDA:1,(anonymous_4)
FNDA:21,(anonymous_5)
FNDA:1,(anonymous_6)
FNDA:1,(anonymous_7)
FNDA:14,(anonymous_8)
DA:18,2
DA:20,2
DA:36,8
DA:37,7
DA:39,7
DA:68,7
DA:69,5
DA:70,5
DA:71,0
DA:75,5
DA:79,7
DA:80,1
DA:81,0
DA:82,1
DA:83,0
DA:87,7
DA:102,7
DA:103,7
DA:104,0
DA:112,7
DA:127,21
DA:161,1
DA:225,14
LF:23
LH:19
BRDA:80,0,0,0
BRDA:80,0,1,1
BRDA:82,1,0,0
BRDA:82,1,1,1
BRF:4
BRH:2
end_of_record
TN:
SF:src/service/contactDB.tsx
FN:8,(anonymous_0)
FN:10,(anonymous_1)
FN:14,(anonymous_2)
FN:16,(anonymous_3)
FN:20,(anonymous_4)
FN:22,(anonymous_5)
FN:26,(anonymous_6)
FN:55,(anonymous_7)
FN:59,(anonymous_8)
FN:65,(anonymous_9)
FN:71,(anonymous_10)
FN:77,(anonymous_11)
FN:78,(anonymous_12)
FN:81,(anonymous_13)
FN:89,(anonymous_14)
FN:94,(anonymous_15)
FNF:16
FNH:3
FNDA:1,(anonymous_0)
FNDA:0,(anonymous_1)
FNDA:0,(anonymous_2)
FNDA:0,(anonymous_3)
FNDA:3,(anonymous_4)
FNDA:0,(anonymous_5)
FNDA:0,(anonymous_6)
FNDA:0,(anonymous_7)
FNDA:0,(anonymous_8)
FNDA:0,(anonymous_9)
FNDA:0,(anonymous_10)
FNDA:0,(anonymous_11)
FNDA:0,(anonymous_12)
FNDA:1,(anonymous_13)
FNDA:0,(anonymous_14)
FNDA:0,(anonymous_15)
DA:5,7
DA:6,7
DA:8,7
DA:9,1
DA:10,1
DA:11,0
DA:14,7
DA:15,0
DA:16,0
DA:17,0
DA:20,7
DA:21,3
DA:22,3
DA:23,0
DA:26,7
DA:27,0
DA:55,0
DA:56,0
DA:59,7
DA:60,0
DA:65,7
DA:66,0
DA:71,7
DA:72,0
DA:77,7
DA:78,0
DA:81,7
DA:82,1
DA:90,0
DA:94,7
LF:30
LH:17
BRF:0
BRH:0
end_of_record
